#
# There is insufficient memory for the Java Runtime Environment to continue.
# Native memory allocation (malloc) failed to allocate 1352656 bytes. Error detail: Chunk::new
# Possible reasons:
#   The system is out of physical RAM or swap space
#   This process is running with CompressedOops enabled, and the Java Heap may be blocking the growth of the native heap
# Possible solutions:
#   Reduce memory load on the system
#   Increase physical memory or swap space
#   Check if swap backing store is full
#   Decrease Java heap size (-Xmx/-Xms)
#   Decrease number of Java threads
#   Decrease Java thread stack sizes (-Xss)
#   Set larger code cache with -XX:ReservedCodeCacheSize=
#   JVM is running with Unscaled Compressed Oops mode in which the Java heap is
#     placed in the first 4GB address space. The Java Heap base address is the
#     maximum limit for the native heap growth. Please use -XX:HeapBaseMinAddress
#     to set the Java Heap base and to place the Java Heap above 4GB virtual address.
# This output file may be truncated or incomplete.
#
#  Out of Memory Error (arena.cpp:191), pid=18112, tid=7232
#
# JRE version: OpenJDK Runtime Environment (17.0.11) (build 17.0.11+0--11852314)
# Java VM: OpenJDK 64-Bit Server VM (17.0.11+0--11852314, mixed mode, tiered, compressed oops, compressed class ptrs, g1 gc, windows-amd64)
# No core dump will be written. Minidumps are not enabled by default on client versions of Windows
#

---------------  S U M M A R Y ------------

Command Line: org.jetbrains.kotlin.cli.jvm.K2JVMCompiler @C:\Users\asusu\AndroidStudioProjects\ProjectCapstone\app\build\20241207_5920123468694013165.compiler.options

Host: AMD Ryzen 3 3250U with Radeon Graphics         , 4 cores, 5G,  Windows 11 , 64 bit Build 22621 (10.0.22621.4391)
Time: Sat Dec  7 17:22:23 2024 SE Asia Standard Time elapsed time: 26.032692 seconds (0d 0h 0m 26s)

---------------  T H R E A D  ---------------

Current thread (0x0000026dccdeec00):  JavaThread "C2 CompilerThread1" daemon [_thread_in_native, id=7232, stack(0x000000e0f1b00000,0x000000e0f1c00000)]


Current CompileTask:
C2:  26033 11585       4       org.jetbrains.kotlin.load.java.lazy.descriptors.LazyJavaScope$declaredFunctions$1::invoke (174 bytes)

Stack: [0x000000e0f1b00000,0x000000e0f1c00000]
Native frames: (J=compiled Java code, j=interpreted, Vv=VM code, C=native code)
V  [jvm.dll+0x687bb9]
V  [jvm.dll+0x84142a]
V  [jvm.dll+0x8430ae]
V  [jvm.dll+0x843713]
V  [jvm.dll+0x24a35f]
V  [jvm.dll+0xac544]
V  [jvm.dll+0xacb8c]
V  [jvm.dll+0x369be2]
V  [jvm.dll+0x33416a]
V  [jvm.dll+0x33360a]
V  [jvm.dll+0x21bed1]
V  [jvm.dll+0x21b311]
V  [jvm.dll+0x1a63ed]
V  [jvm.dll+0x22b1ee]
V  [jvm.dll+0x229375]
V  [jvm.dll+0x7f5647]
V  [jvm.dll+0x7efa4a]
V  [jvm.dll+0x686a35]
C  [ucrtbase.dll+0x29333]
C  [KERNEL32.DLL+0x1259d]
C  [ntdll.dll+0x5af38]


---------------  P R O C E S S  ---------------

Threads class SMR info:
_java_thread_list=0x0000026dcc984ad0, length=13, elements={
0x0000026dab41d540, 0x0000026dc37e3260, 0x0000026dc3677870, 0x0000026dc3690540,
0x0000026dc36913c0, 0x0000026dc3806520, 0x0000026dc3807a50, 0x0000026dc3808740,
0x0000026dc3820cd0, 0x0000026dc38296c0, 0x0000026dc397b8f0, 0x0000026dc398f910,
0x0000026dccdeec00
}

Java Threads: ( => current thread )
  0x0000026dab41d540 JavaThread "main" [_thread_in_Java, id=16964, stack(0x000000e0f0800000,0x000000e0f0900000)]
  0x0000026dc37e3260 JavaThread "Reference Handler" daemon [_thread_blocked, id=15936, stack(0x000000e0f0f00000,0x000000e0f1000000)]
  0x0000026dc3677870 JavaThread "Finalizer" daemon [_thread_blocked, id=17448, stack(0x000000e0f1000000,0x000000e0f1100000)]
  0x0000026dc3690540 JavaThread "Signal Dispatcher" daemon [_thread_blocked, id=15792, stack(0x000000e0f1100000,0x000000e0f1200000)]
  0x0000026dc36913c0 JavaThread "Attach Listener" daemon [_thread_blocked, id=17748, stack(0x000000e0f1200000,0x000000e0f1300000)]
  0x0000026dc3806520 JavaThread "Service Thread" daemon [_thread_blocked, id=11812, stack(0x000000e0f1300000,0x000000e0f1400000)]
  0x0000026dc3807a50 JavaThread "Monitor Deflation Thread" daemon [_thread_blocked, id=15968, stack(0x000000e0f1400000,0x000000e0f1500000)]
  0x0000026dc3808740 JavaThread "C2 CompilerThread0" daemon [_thread_in_native, id=12928, stack(0x000000e0f1500000,0x000000e0f1600000)]
  0x0000026dc3820cd0 JavaThread "C1 CompilerThread0" daemon [_thread_blocked, id=13676, stack(0x000000e0f1600000,0x000000e0f1700000)]
  0x0000026dc38296c0 JavaThread "Sweeper thread" daemon [_thread_blocked, id=6784, stack(0x000000e0f1700000,0x000000e0f1800000)]
  0x0000026dc397b8f0 JavaThread "Notification Thread" daemon [_thread_blocked, id=15152, stack(0x000000e0f1800000,0x000000e0f1900000)]
  0x0000026dc398f910 JavaThread "Common-Cleaner" daemon [_thread_blocked, id=7372, stack(0x000000e0f1a00000,0x000000e0f1b00000)]
=>0x0000026dccdeec00 JavaThread "C2 CompilerThread1" daemon [_thread_in_native, id=7232, stack(0x000000e0f1b00000,0x000000e0f1c00000)]

Other Threads:
  0x0000026dc3673650 VMThread "VM Thread" [stack: 0x000000e0f0e00000,0x000000e0f0f00000] [id=15396]
  0x0000026dc397e1f0 WatcherThread [stack: 0x000000e0f1900000,0x000000e0f1a00000] [id=13552]
  0x0000026dab467fd0 GCTaskThread "GC Thread#0" [stack: 0x000000e0f0900000,0x000000e0f0a00000] [id=15500]
  0x0000026dc81da1d0 GCTaskThread "GC Thread#1" [stack: 0x000000e0f1c00000,0x000000e0f1d00000] [id=13592]
  0x0000026dc81ec600 GCTaskThread "GC Thread#2" [stack: 0x000000e0f1d00000,0x000000e0f1e00000] [id=15280]
  0x0000026dc82274d0 GCTaskThread "GC Thread#3" [stack: 0x000000e0f1e00000,0x000000e0f1f00000] [id=15680]
  0x0000026dab474d60 ConcurrentGCThread "G1 Main Marker" [stack: 0x000000e0f0a00000,0x000000e0f0b00000] [id=17460]
  0x0000026dab475f20 ConcurrentGCThread "G1 Conc#0" [stack: 0x000000e0f0b00000,0x000000e0f0c00000] [id=15876]
  0x0000026dc34d24c0 ConcurrentGCThread "G1 Refine#0" [stack: 0x000000e0f0c00000,0x000000e0f0d00000] [id=16004]
  0x0000026dc99ca3b0 ConcurrentGCThread "G1 Refine#1" [stack: 0x000000e0f1f00000,0x000000e0f2000000] [id=4068]
  0x0000026dcd17d510 ConcurrentGCThread "G1 Refine#2" [stack: 0x000000e0f2000000,0x000000e0f2100000] [id=16020]
  0x0000026dc34d2e00 ConcurrentGCThread "G1 Service" [stack: 0x000000e0f0d00000,0x000000e0f0e00000] [id=17336]

Threads with active compile tasks:
C2 CompilerThread0    26099 11401       4       org.jetbrains.kotlin.types.AbstractTypeChecker::isSubtypeOf (46 bytes)
C2 CompilerThread1    26099 11585       4       org.jetbrains.kotlin.load.java.lazy.descriptors.LazyJavaScope$declaredFunctions$1::invoke (174 bytes)

VM state: not at safepoint (normal execution)

VM Mutex/Monitor currently owned by a thread: None

Heap address: 0x00000000a0e00000, size: 1522 MB, Compressed Oops mode: 32-bit

CDS archive(s) not mapped
Compressed class space mapped at: 0x0000000100000000-0x0000000140000000, reserved size: 1073741824
Narrow klass base: 0x0000000000000000, Narrow klass shift: 3, Narrow klass range: 0x140000000

GC Precious Log:
 CPUs: 4 total, 4 available
 Memory: 6082M
 Large Page Support: Disabled
 NUMA Support: Disabled
 Compressed Oops: Enabled (32-bit)
 Heap Region Size: 1M
 Heap Min Capacity: 8M
 Heap Initial Capacity: 96M
 Heap Max Capacity: 1522M
 Pre-touch: Disabled
 Parallel Workers: 4
 Concurrent Workers: 1
 Concurrent Refinement Workers: 4
 Periodic GC: Disabled

Heap:
 garbage-first heap   total 284672K, used 117760K [0x00000000a0e00000, 0x0000000100000000)
  region size 1024K, 53 young (54272K), 19 survivors (19456K)
 Metaspace       used 68131K, committed 68416K, reserved 1114112K
  class space    used 7846K, committed 8000K, reserved 1048576K

Heap Regions: E=young(eden), S=young(survivor), O=old, HS=humongous(starts), HC=humongous(continues), CS=collection set, F=free, OA=open archive, CA=closed archive, TAMS=top-at-mark-start (previous, next)
|   0|0x00000000a0e00000, 0x00000000a0f00000, 0x00000000a0f00000|100%|HS|  |TAMS 0x00000000a0f00000, 0x00000000a0e00000| Complete 
|   1|0x00000000a0f00000, 0x00000000a1000000, 0x00000000a1000000|100%|HC|  |TAMS 0x00000000a1000000, 0x00000000a0f00000| Complete 
|   2|0x00000000a1000000, 0x00000000a1100000, 0x00000000a1100000|100%|HC|  |TAMS 0x00000000a1100000, 0x00000000a1000000| Complete 
|   3|0x00000000a1100000, 0x00000000a1200000, 0x00000000a1200000|100%|HC|  |TAMS 0x00000000a1200000, 0x00000000a1100000| Complete 
|   4|0x00000000a1200000, 0x00000000a1300000, 0x00000000a1300000|100%| O|  |TAMS 0x00000000a1300000, 0x00000000a1200000| Untracked 
|   5|0x00000000a1300000, 0x00000000a1400000, 0x00000000a1400000|100%| O|  |TAMS 0x00000000a1400000, 0x00000000a1300000| Untracked 
|   6|0x00000000a1400000, 0x00000000a1500000, 0x00000000a1500000|100%| O|  |TAMS 0x00000000a1500000, 0x00000000a1400000| Untracked 
|   7|0x00000000a1500000, 0x00000000a1600000, 0x00000000a1600000|100%| O|  |TAMS 0x00000000a1600000, 0x00000000a1500000| Untracked 
|   8|0x00000000a1600000, 0x00000000a1700000, 0x00000000a1700000|100%| O|  |TAMS 0x00000000a1700000, 0x00000000a1600000| Untracked 
|   9|0x00000000a1700000, 0x00000000a1800000, 0x00000000a1800000|100%| O|  |TAMS 0x00000000a1800000, 0x00000000a1700000| Untracked 
|  10|0x00000000a1800000, 0x00000000a1900000, 0x00000000a1900000|100%| O|  |TAMS 0x00000000a1900000, 0x00000000a1800000| Untracked 
|  11|0x00000000a1900000, 0x00000000a1a00000, 0x00000000a1a00000|100%| O|  |TAMS 0x00000000a1a00000, 0x00000000a1900000| Untracked 
|  12|0x00000000a1a00000, 0x00000000a1b00000, 0x00000000a1b00000|100%| O|  |TAMS 0x00000000a1b00000, 0x00000000a1a00000| Untracked 
|  13|0x00000000a1b00000, 0x00000000a1c00000, 0x00000000a1c00000|100%| O|  |TAMS 0x00000000a1c00000, 0x00000000a1b00000| Untracked 
|  14|0x00000000a1c00000, 0x00000000a1c00000, 0x00000000a1d00000|  0%| F|  |TAMS 0x00000000a1c00000, 0x00000000a1c00000| Untracked 
|  15|0x00000000a1d00000, 0x00000000a1e00000, 0x00000000a1e00000|100%| O|  |TAMS 0x00000000a1e00000, 0x00000000a1d00000| Untracked 
|  16|0x00000000a1e00000, 0x00000000a1f00000, 0x00000000a1f00000|100%| O|  |TAMS 0x00000000a1e00000, 0x00000000a1e00000| Untracked 
|  17|0x00000000a1f00000, 0x00000000a2000000, 0x00000000a2000000|100%| O|  |TAMS 0x00000000a2000000, 0x00000000a1f00000| Untracked 
|  18|0x00000000a2000000, 0x00000000a2100000, 0x00000000a2100000|100%| O|  |TAMS 0x00000000a2100000, 0x00000000a2000000| Untracked 
|  19|0x00000000a2100000, 0x00000000a2200000, 0x00000000a2200000|100%| O|  |TAMS 0x00000000a2200000, 0x00000000a2100000| Untracked 
|  20|0x00000000a2200000, 0x00000000a2300000, 0x00000000a2300000|100%|HS|  |TAMS 0x00000000a2300000, 0x00000000a2200000| Complete 
|  21|0x00000000a2300000, 0x00000000a2400000, 0x00000000a2400000|100%|HC|  |TAMS 0x00000000a2400000, 0x00000000a2300000| Complete 
|  22|0x00000000a2400000, 0x00000000a2500000, 0x00000000a2500000|100%| O|  |TAMS 0x00000000a2500000, 0x00000000a2400000| Untracked 
|  23|0x00000000a2500000, 0x00000000a2600000, 0x00000000a2600000|100%| O|  |TAMS 0x00000000a2600000, 0x00000000a2500000| Untracked 
|  24|0x00000000a2600000, 0x00000000a2700000, 0x00000000a2700000|100%| O|  |TAMS 0x00000000a2700000, 0x00000000a2600000| Untracked 
|  25|0x00000000a2700000, 0x00000000a2800000, 0x00000000a2800000|100%| O|  |TAMS 0x00000000a2800000, 0x00000000a2700000| Untracked 
|  26|0x00000000a2800000, 0x00000000a2900000, 0x00000000a2900000|100%| O|  |TAMS 0x00000000a2900000, 0x00000000a2800000| Untracked 
|  27|0x00000000a2900000, 0x00000000a2a00000, 0x00000000a2a00000|100%| O|  |TAMS 0x00000000a2a00000, 0x00000000a2900000| Untracked 
|  28|0x00000000a2a00000, 0x00000000a2b00000, 0x00000000a2b00000|100%| O|  |TAMS 0x00000000a2b00000, 0x00000000a2a00000| Untracked 
|  29|0x00000000a2b00000, 0x00000000a2c00000, 0x00000000a2c00000|100%| O|  |TAMS 0x00000000a2c00000, 0x00000000a2b00000| Untracked 
|  30|0x00000000a2c00000, 0x00000000a2d00000, 0x00000000a2d00000|100%| O|  |TAMS 0x00000000a2d00000, 0x00000000a2c00000| Untracked 
|  31|0x00000000a2d00000, 0x00000000a2e00000, 0x00000000a2e00000|100%| O|  |TAMS 0x00000000a2e00000, 0x00000000a2d00000| Untracked 
|  32|0x00000000a2e00000, 0x00000000a2f00000, 0x00000000a2f00000|100%| O|  |TAMS 0x00000000a2f00000, 0x00000000a2e00000| Untracked 
|  33|0x00000000a2f00000, 0x00000000a3000000, 0x00000000a3000000|100%| O|  |TAMS 0x00000000a3000000, 0x00000000a2f00000| Untracked 
|  34|0x00000000a3000000, 0x00000000a3100000, 0x00000000a3100000|100%| O|  |TAMS 0x00000000a3100000, 0x00000000a3000000| Untracked 
|  35|0x00000000a3100000, 0x00000000a3200000, 0x00000000a3200000|100%| O|  |TAMS 0x00000000a3200000, 0x00000000a3100000| Untracked 
|  36|0x00000000a3200000, 0x00000000a3300000, 0x00000000a3300000|100%| O|  |TAMS 0x00000000a3300000, 0x00000000a3200000| Untracked 
|  37|0x00000000a3300000, 0x00000000a3400000, 0x00000000a3400000|100%| O|  |TAMS 0x00000000a3400000, 0x00000000a3300000| Untracked 
|  38|0x00000000a3400000, 0x00000000a3500000, 0x00000000a3500000|100%| O|  |TAMS 0x00000000a3500000, 0x00000000a3400000| Untracked 
|  39|0x00000000a3500000, 0x00000000a3600000, 0x00000000a3600000|100%| O|  |TAMS 0x00000000a3600000, 0x00000000a3500000| Untracked 
|  40|0x00000000a3600000, 0x00000000a3700000, 0x00000000a3700000|100%| O|  |TAMS 0x00000000a3700000, 0x00000000a3600000| Untracked 
|  41|0x00000000a3700000, 0x00000000a3800000, 0x00000000a3800000|100%| O|  |TAMS 0x00000000a3800000, 0x00000000a3700000| Untracked 
|  42|0x00000000a3800000, 0x00000000a3900000, 0x00000000a3900000|100%| O|  |TAMS 0x00000000a3900000, 0x00000000a3800000| Untracked 
|  43|0x00000000a3900000, 0x00000000a3a00000, 0x00000000a3a00000|100%| O|  |TAMS 0x00000000a3a00000, 0x00000000a3900000| Untracked 
|  44|0x00000000a3a00000, 0x00000000a3b00000, 0x00000000a3b00000|100%| O|  |TAMS 0x00000000a3b00000, 0x00000000a3a00000| Untracked 
|  45|0x00000000a3b00000, 0x00000000a3c00000, 0x00000000a3c00000|100%| O|  |TAMS 0x00000000a3c00000, 0x00000000a3b00000| Untracked 
|  46|0x00000000a3c00000, 0x00000000a3d00000, 0x00000000a3d00000|100%| O|  |TAMS 0x00000000a3d00000, 0x00000000a3c00000| Untracked 
|  47|0x00000000a3d00000, 0x00000000a3e00000, 0x00000000a3e00000|100%| O|  |TAMS 0x00000000a3e00000, 0x00000000a3d00000| Untracked 
|  48|0x00000000a3e00000, 0x00000000a3f00000, 0x00000000a3f00000|100%| O|  |TAMS 0x00000000a3f00000, 0x00000000a3e00000| Untracked 
|  49|0x00000000a3f00000, 0x00000000a4000000, 0x00000000a4000000|100%| O|  |TAMS 0x00000000a4000000, 0x00000000a3f00000| Untracked 
|  50|0x00000000a4000000, 0x00000000a4100000, 0x00000000a4100000|100%| O|  |TAMS 0x00000000a4100000, 0x00000000a4000000| Untracked 
|  51|0x00000000a4100000, 0x00000000a4200000, 0x00000000a4200000|100%| O|  |TAMS 0x00000000a4200000, 0x00000000a4100000| Untracked 
|  52|0x00000000a4200000, 0x00000000a4300000, 0x00000000a4300000|100%| O|  |TAMS 0x00000000a4254e00, 0x00000000a4200000| Untracked 
|  53|0x00000000a4300000, 0x00000000a4400000, 0x00000000a4400000|100%| O|  |TAMS 0x00000000a4300000, 0x00000000a4300000| Untracked 
|  54|0x00000000a4400000, 0x00000000a4500000, 0x00000000a4500000|100%| O|  |TAMS 0x00000000a4400000, 0x00000000a4400000| Untracked 
|  55|0x00000000a4500000, 0x00000000a4600000, 0x00000000a4600000|100%| O|  |TAMS 0x00000000a4500000, 0x00000000a4500000| Untracked 
|  56|0x00000000a4600000, 0x00000000a4700000, 0x00000000a4700000|100%| O|  |TAMS 0x00000000a4600000, 0x00000000a4600000| Untracked 
|  57|0x00000000a4700000, 0x00000000a4800000, 0x00000000a4800000|100%| O|  |TAMS 0x00000000a4700000, 0x00000000a4700000| Untracked 
|  58|0x00000000a4800000, 0x00000000a4900000, 0x00000000a4900000|100%| O|  |TAMS 0x00000000a4800000, 0x00000000a4800000| Untracked 
|  59|0x00000000a4900000, 0x00000000a4a00000, 0x00000000a4a00000|100%|HS|  |TAMS 0x00000000a4900000, 0x00000000a4900000| Complete 
|  60|0x00000000a4a00000, 0x00000000a4b00000, 0x00000000a4b00000|100%|HC|  |TAMS 0x00000000a4a00000, 0x00000000a4a00000| Complete 
|  61|0x00000000a4b00000, 0x00000000a4c00000, 0x00000000a4c00000|100%| O|  |TAMS 0x00000000a4b00000, 0x00000000a4b00000| Untracked 
|  62|0x00000000a4c00000, 0x00000000a4c00000, 0x00000000a4d00000|  0%| F|  |TAMS 0x00000000a4c00000, 0x00000000a4c00000| Untracked 
|  63|0x00000000a4d00000, 0x00000000a4d00000, 0x00000000a4e00000|  0%| F|  |TAMS 0x00000000a4d00000, 0x00000000a4d00000| Untracked 
|  64|0x00000000a4e00000, 0x00000000a4e00000, 0x00000000a4f00000|  0%| F|  |TAMS 0x00000000a4e00000, 0x00000000a4e00000| Untracked 
|  65|0x00000000a4f00000, 0x00000000a4f00000, 0x00000000a5000000|  0%| F|  |TAMS 0x00000000a4f00000, 0x00000000a4f00000| Untracked 
|  66|0x00000000a5000000, 0x00000000a5000000, 0x00000000a5100000|  0%| F|  |TAMS 0x00000000a5000000, 0x00000000a5000000| Untracked 
|  67|0x00000000a5100000, 0x00000000a5100000, 0x00000000a5200000|  0%| F|  |TAMS 0x00000000a5100000, 0x00000000a5100000| Untracked 
|  68|0x00000000a5200000, 0x00000000a5200000, 0x00000000a5300000|  0%| F|  |TAMS 0x00000000a5200000, 0x00000000a5200000| Untracked 
|  69|0x00000000a5300000, 0x00000000a5300000, 0x00000000a5400000|  0%| F|  |TAMS 0x00000000a5300000, 0x00000000a5300000| Untracked 
|  70|0x00000000a5400000, 0x00000000a5400000, 0x00000000a5500000|  0%| F|  |TAMS 0x00000000a5400000, 0x00000000a5400000| Untracked 
|  71|0x00000000a5500000, 0x00000000a5500000, 0x00000000a5600000|  0%| F|  |TAMS 0x00000000a5500000, 0x00000000a5500000| Untracked 
|  72|0x00000000a5600000, 0x00000000a5600000, 0x00000000a5700000|  0%| F|  |TAMS 0x00000000a5600000, 0x00000000a5600000| Untracked 
|  73|0x00000000a5700000, 0x00000000a5700000, 0x00000000a5800000|  0%| F|  |TAMS 0x00000000a5700000, 0x00000000a5700000| Untracked 
|  74|0x00000000a5800000, 0x00000000a5800000, 0x00000000a5900000|  0%| F|  |TAMS 0x00000000a5800000, 0x00000000a5800000| Untracked 
|  75|0x00000000a5900000, 0x00000000a5900000, 0x00000000a5a00000|  0%| F|  |TAMS 0x00000000a5900000, 0x00000000a5900000| Untracked 
|  76|0x00000000a5a00000, 0x00000000a5a00000, 0x00000000a5b00000|  0%| F|  |TAMS 0x00000000a5a00000, 0x00000000a5a00000| Untracked 
|  77|0x00000000a5b00000, 0x00000000a5b00000, 0x00000000a5c00000|  0%| F|  |TAMS 0x00000000a5b00000, 0x00000000a5b00000| Untracked 
|  78|0x00000000a5c00000, 0x00000000a5c00000, 0x00000000a5d00000|  0%| F|  |TAMS 0x00000000a5c00000, 0x00000000a5c00000| Untracked 
|  79|0x00000000a5d00000, 0x00000000a5d00000, 0x00000000a5e00000|  0%| F|  |TAMS 0x00000000a5d00000, 0x00000000a5d00000| Untracked 
|  80|0x00000000a5e00000, 0x00000000a5e00000, 0x00000000a5f00000|  0%| F|  |TAMS 0x00000000a5e00000, 0x00000000a5e00000| Untracked 
|  81|0x00000000a5f00000, 0x00000000a5f00000, 0x00000000a6000000|  0%| F|  |TAMS 0x00000000a5f00000, 0x00000000a5f00000| Untracked 
|  82|0x00000000a6000000, 0x00000000a6000000, 0x00000000a6100000|  0%| F|  |TAMS 0x00000000a6000000, 0x00000000a6000000| Untracked 
|  83|0x00000000a6100000, 0x00000000a6100000, 0x00000000a6200000|  0%| F|  |TAMS 0x00000000a6100000, 0x00000000a6100000| Untracked 
|  84|0x00000000a6200000, 0x00000000a6200000, 0x00000000a6300000|  0%| F|  |TAMS 0x00000000a6200000, 0x00000000a6200000| Untracked 
|  85|0x00000000a6300000, 0x00000000a6300000, 0x00000000a6400000|  0%| F|  |TAMS 0x00000000a6300000, 0x00000000a6300000| Untracked 
|  86|0x00000000a6400000, 0x00000000a6400000, 0x00000000a6500000|  0%| F|  |TAMS 0x00000000a6400000, 0x00000000a6400000| Untracked 
|  87|0x00000000a6500000, 0x00000000a6500000, 0x00000000a6600000|  0%| F|  |TAMS 0x00000000a6500000, 0x00000000a6500000| Untracked 
|  88|0x00000000a6600000, 0x00000000a6600000, 0x00000000a6700000|  0%| F|  |TAMS 0x00000000a6600000, 0x00000000a6600000| Untracked 
|  89|0x00000000a6700000, 0x00000000a6700000, 0x00000000a6800000|  0%| F|  |TAMS 0x00000000a6700000, 0x00000000a6700000| Untracked 
|  90|0x00000000a6800000, 0x00000000a6800000, 0x00000000a6900000|  0%| F|  |TAMS 0x00000000a6800000, 0x00000000a6800000| Untracked 
|  91|0x00000000a6900000, 0x00000000a6900000, 0x00000000a6a00000|  0%| F|  |TAMS 0x00000000a6900000, 0x00000000a6900000| Untracked 
|  92|0x00000000a6a00000, 0x00000000a6a00000, 0x00000000a6b00000|  0%| F|  |TAMS 0x00000000a6a00000, 0x00000000a6a00000| Untracked 
|  93|0x00000000a6b00000, 0x00000000a6b00000, 0x00000000a6c00000|  0%| F|  |TAMS 0x00000000a6b00000, 0x00000000a6b00000| Untracked 
|  94|0x00000000a6c00000, 0x00000000a6c00000, 0x00000000a6d00000|  0%| F|  |TAMS 0x00000000a6c00000, 0x00000000a6c00000| Untracked 
|  95|0x00000000a6d00000, 0x00000000a6d00000, 0x00000000a6e00000|  0%| F|  |TAMS 0x00000000a6d00000, 0x00000000a6d00000| Untracked 
|  96|0x00000000a6e00000, 0x00000000a6e00000, 0x00000000a6f00000|  0%| F|  |TAMS 0x00000000a6e00000, 0x00000000a6e00000| Untracked 
|  97|0x00000000a6f00000, 0x00000000a6f00000, 0x00000000a7000000|  0%| F|  |TAMS 0x00000000a6f00000, 0x00000000a6f00000| Untracked 
|  98|0x00000000a7000000, 0x00000000a7000000, 0x00000000a7100000|  0%| F|  |TAMS 0x00000000a7000000, 0x00000000a7000000| Untracked 
|  99|0x00000000a7100000, 0x00000000a7100000, 0x00000000a7200000|  0%| F|  |TAMS 0x00000000a7100000, 0x00000000a7100000| Untracked 
| 100|0x00000000a7200000, 0x00000000a7200000, 0x00000000a7300000|  0%| F|  |TAMS 0x00000000a7200000, 0x00000000a7200000| Untracked 
| 101|0x00000000a7300000, 0x00000000a7300000, 0x00000000a7400000|  0%| F|  |TAMS 0x00000000a7300000, 0x00000000a7300000| Untracked 
| 102|0x00000000a7400000, 0x00000000a7400000, 0x00000000a7500000|  0%| F|  |TAMS 0x00000000a7400000, 0x00000000a7400000| Untracked 
| 103|0x00000000a7500000, 0x00000000a7500000, 0x00000000a7600000|  0%| F|  |TAMS 0x00000000a7500000, 0x00000000a7500000| Untracked 
| 104|0x00000000a7600000, 0x00000000a7600000, 0x00000000a7700000|  0%| F|  |TAMS 0x00000000a7600000, 0x00000000a7600000| Untracked 
| 105|0x00000000a7700000, 0x00000000a7700000, 0x00000000a7800000|  0%| F|  |TAMS 0x00000000a7700000, 0x00000000a7700000| Untracked 
| 106|0x00000000a7800000, 0x00000000a7800000, 0x00000000a7900000|  0%| F|  |TAMS 0x00000000a7800000, 0x00000000a7800000| Untracked 
| 107|0x00000000a7900000, 0x00000000a7900000, 0x00000000a7a00000|  0%| F|  |TAMS 0x00000000a7900000, 0x00000000a7900000| Untracked 
| 108|0x00000000a7a00000, 0x00000000a7a00000, 0x00000000a7b00000|  0%| F|  |TAMS 0x00000000a7a00000, 0x00000000a7a00000| Untracked 
| 109|0x00000000a7b00000, 0x00000000a7b00000, 0x00000000a7c00000|  0%| F|  |TAMS 0x00000000a7b00000, 0x00000000a7b00000| Untracked 
| 110|0x00000000a7c00000, 0x00000000a7c00000, 0x00000000a7d00000|  0%| F|  |TAMS 0x00000000a7c00000, 0x00000000a7c00000| Untracked 
| 111|0x00000000a7d00000, 0x00000000a7d00000, 0x00000000a7e00000|  0%| F|  |TAMS 0x00000000a7d00000, 0x00000000a7d00000| Untracked 
| 112|0x00000000a7e00000, 0x00000000a7f00000, 0x00000000a7f00000|100%| S|CS|TAMS 0x00000000a7e00000, 0x00000000a7e00000| Complete 
| 113|0x00000000a7f00000, 0x00000000a8000000, 0x00000000a8000000|100%| S|CS|TAMS 0x00000000a7f00000, 0x00000000a7f00000| Complete 
| 114|0x00000000a8000000, 0x00000000a8100000, 0x00000000a8100000|100%| S|CS|TAMS 0x00000000a8000000, 0x00000000a8000000| Complete 
| 115|0x00000000a8100000, 0x00000000a8200000, 0x00000000a8200000|100%| S|CS|TAMS 0x00000000a8100000, 0x00000000a8100000| Complete 
| 116|0x00000000a8200000, 0x00000000a8300000, 0x00000000a8300000|100%| S|CS|TAMS 0x00000000a8200000, 0x00000000a8200000| Complete 
| 117|0x00000000a8300000, 0x00000000a8400000, 0x00000000a8400000|100%| S|CS|TAMS 0x00000000a8300000, 0x00000000a8300000| Complete 
| 118|0x00000000a8400000, 0x00000000a8500000, 0x00000000a8500000|100%| S|CS|TAMS 0x00000000a8400000, 0x00000000a8400000| Complete 
| 119|0x00000000a8500000, 0x00000000a8600000, 0x00000000a8600000|100%| S|CS|TAMS 0x00000000a8500000, 0x00000000a8500000| Complete 
| 120|0x00000000a8600000, 0x00000000a8700000, 0x00000000a8700000|100%| S|CS|TAMS 0x00000000a8600000, 0x00000000a8600000| Complete 
| 121|0x00000000a8700000, 0x00000000a8800000, 0x00000000a8800000|100%| S|CS|TAMS 0x00000000a8700000, 0x00000000a8700000| Complete 
| 122|0x00000000a8800000, 0x00000000a8900000, 0x00000000a8900000|100%| S|CS|TAMS 0x00000000a8800000, 0x00000000a8800000| Complete 
| 123|0x00000000a8900000, 0x00000000a8a00000, 0x00000000a8a00000|100%| S|CS|TAMS 0x00000000a8900000, 0x00000000a8900000| Complete 
| 124|0x00000000a8a00000, 0x00000000a8b00000, 0x00000000a8b00000|100%| S|CS|TAMS 0x00000000a8a00000, 0x00000000a8a00000| Complete 
| 125|0x00000000a8b00000, 0x00000000a8c00000, 0x00000000a8c00000|100%| S|CS|TAMS 0x00000000a8b00000, 0x00000000a8b00000| Complete 
| 126|0x00000000a8c00000, 0x00000000a8d00000, 0x00000000a8d00000|100%| S|CS|TAMS 0x00000000a8c00000, 0x00000000a8c00000| Complete 
| 127|0x00000000a8d00000, 0x00000000a8e00000, 0x00000000a8e00000|100%| S|CS|TAMS 0x00000000a8d00000, 0x00000000a8d00000| Complete 
| 128|0x00000000a8e00000, 0x00000000a8f00000, 0x00000000a8f00000|100%| S|CS|TAMS 0x00000000a8e00000, 0x00000000a8e00000| Complete 
| 129|0x00000000a8f00000, 0x00000000a9000000, 0x00000000a9000000|100%| S|CS|TAMS 0x00000000a8f00000, 0x00000000a8f00000| Complete 
| 130|0x00000000a9000000, 0x00000000a9100000, 0x00000000a9100000|100%| S|CS|TAMS 0x00000000a9000000, 0x00000000a9000000| Complete 
| 131|0x00000000a9100000, 0x00000000a9100000, 0x00000000a9200000|  0%| F|  |TAMS 0x00000000a9100000, 0x00000000a9100000| Untracked 
| 132|0x00000000a9200000, 0x00000000a9200000, 0x00000000a9300000|  0%| F|  |TAMS 0x00000000a9200000, 0x00000000a9200000| Untracked 
| 133|0x00000000a9300000, 0x00000000a9300000, 0x00000000a9400000|  0%| F|  |TAMS 0x00000000a9300000, 0x00000000a9300000| Untracked 
| 134|0x00000000a9400000, 0x00000000a9400000, 0x00000000a9500000|  0%| F|  |TAMS 0x00000000a9400000, 0x00000000a9400000| Untracked 
| 135|0x00000000a9500000, 0x00000000a9500000, 0x00000000a9600000|  0%| F|  |TAMS 0x00000000a9500000, 0x00000000a9500000| Untracked 
| 136|0x00000000a9600000, 0x00000000a9600000, 0x00000000a9700000|  0%| F|  |TAMS 0x00000000a9600000, 0x00000000a9600000| Untracked 
| 137|0x00000000a9700000, 0x00000000a9700000, 0x00000000a9800000|  0%| F|  |TAMS 0x00000000a9700000, 0x00000000a9700000| Untracked 
| 138|0x00000000a9800000, 0x00000000a9800000, 0x00000000a9900000|  0%| F|  |TAMS 0x00000000a9800000, 0x00000000a9800000| Untracked 
| 139|0x00000000a9900000, 0x00000000a9900000, 0x00000000a9a00000|  0%| F|  |TAMS 0x00000000a9900000, 0x00000000a9900000| Untracked 
| 140|0x00000000a9a00000, 0x00000000a9a00000, 0x00000000a9b00000|  0%| F|  |TAMS 0x00000000a9a00000, 0x00000000a9a00000| Untracked 
| 141|0x00000000a9b00000, 0x00000000a9b00000, 0x00000000a9c00000|  0%| F|  |TAMS 0x00000000a9b00000, 0x00000000a9b00000| Untracked 
| 142|0x00000000a9c00000, 0x00000000a9c00000, 0x00000000a9d00000|  0%| F|  |TAMS 0x00000000a9c00000, 0x00000000a9c00000| Untracked 
| 143|0x00000000a9d00000, 0x00000000a9d00000, 0x00000000a9e00000|  0%| F|  |TAMS 0x00000000a9d00000, 0x00000000a9d00000| Untracked 
| 144|0x00000000a9e00000, 0x00000000a9e00000, 0x00000000a9f00000|  0%| F|  |TAMS 0x00000000a9e00000, 0x00000000a9e00000| Untracked 
| 145|0x00000000a9f00000, 0x00000000a9f00000, 0x00000000aa000000|  0%| F|  |TAMS 0x00000000a9f00000, 0x00000000a9f00000| Untracked 
| 146|0x00000000aa000000, 0x00000000aa000000, 0x00000000aa100000|  0%| F|  |TAMS 0x00000000aa000000, 0x00000000aa000000| Untracked 
| 147|0x00000000aa100000, 0x00000000aa100000, 0x00000000aa200000|  0%| F|  |TAMS 0x00000000aa100000, 0x00000000aa100000| Untracked 
| 148|0x00000000aa200000, 0x00000000aa200000, 0x00000000aa300000|  0%| F|  |TAMS 0x00000000aa200000, 0x00000000aa200000| Untracked 
| 149|0x00000000aa300000, 0x00000000aa300000, 0x00000000aa400000|  0%| F|  |TAMS 0x00000000aa300000, 0x00000000aa300000| Untracked 
| 150|0x00000000aa400000, 0x00000000aa400000, 0x00000000aa500000|  0%| F|  |TAMS 0x00000000aa400000, 0x00000000aa400000| Untracked 
| 151|0x00000000aa500000, 0x00000000aa500000, 0x00000000aa600000|  0%| F|  |TAMS 0x00000000aa500000, 0x00000000aa500000| Untracked 
| 152|0x00000000aa600000, 0x00000000aa600000, 0x00000000aa700000|  0%| F|  |TAMS 0x00000000aa600000, 0x00000000aa600000| Untracked 
| 153|0x00000000aa700000, 0x00000000aa700000, 0x00000000aa800000|  0%| F|  |TAMS 0x00000000aa700000, 0x00000000aa700000| Untracked 
| 154|0x00000000aa800000, 0x00000000aa800000, 0x00000000aa900000|  0%| F|  |TAMS 0x00000000aa800000, 0x00000000aa800000| Untracked 
| 155|0x00000000aa900000, 0x00000000aa900000, 0x00000000aaa00000|  0%| F|  |TAMS 0x00000000aa900000, 0x00000000aa900000| Untracked 
| 156|0x00000000aaa00000, 0x00000000aaa00000, 0x00000000aab00000|  0%| F|  |TAMS 0x00000000aaa00000, 0x00000000aaa00000| Untracked 
| 157|0x00000000aab00000, 0x00000000aab00000, 0x00000000aac00000|  0%| F|  |TAMS 0x00000000aab00000, 0x00000000aab00000| Untracked 
| 158|0x00000000aac00000, 0x00000000aac00000, 0x00000000aad00000|  0%| F|  |TAMS 0x00000000aac00000, 0x00000000aac00000| Untracked 
| 159|0x00000000aad00000, 0x00000000aad00000, 0x00000000aae00000|  0%| F|  |TAMS 0x00000000aad00000, 0x00000000aad00000| Untracked 
| 160|0x00000000aae00000, 0x00000000aae00000, 0x00000000aaf00000|  0%| F|  |TAMS 0x00000000aae00000, 0x00000000aae00000| Untracked 
| 161|0x00000000aaf00000, 0x00000000aaf00000, 0x00000000ab000000|  0%| F|  |TAMS 0x00000000aaf00000, 0x00000000aaf00000| Untracked 
| 162|0x00000000ab000000, 0x00000000ab000000, 0x00000000ab100000|  0%| F|  |TAMS 0x00000000ab000000, 0x00000000ab000000| Untracked 
| 163|0x00000000ab100000, 0x00000000ab100000, 0x00000000ab200000|  0%| F|  |TAMS 0x00000000ab100000, 0x00000000ab100000| Untracked 
| 164|0x00000000ab200000, 0x00000000ab200000, 0x00000000ab300000|  0%| F|  |TAMS 0x00000000ab200000, 0x00000000ab200000| Untracked 
| 165|0x00000000ab300000, 0x00000000ab300000, 0x00000000ab400000|  0%| F|  |TAMS 0x00000000ab300000, 0x00000000ab300000| Untracked 
| 166|0x00000000ab400000, 0x00000000ab400000, 0x00000000ab500000|  0%| F|  |TAMS 0x00000000ab400000, 0x00000000ab400000| Untracked 
| 167|0x00000000ab500000, 0x00000000ab500000, 0x00000000ab600000|  0%| F|  |TAMS 0x00000000ab500000, 0x00000000ab500000| Untracked 
| 168|0x00000000ab600000, 0x00000000ab600000, 0x00000000ab700000|  0%| F|  |TAMS 0x00000000ab600000, 0x00000000ab600000| Untracked 
| 169|0x00000000ab700000, 0x00000000ab700000, 0x00000000ab800000|  0%| F|  |TAMS 0x00000000ab700000, 0x00000000ab700000| Untracked 
| 170|0x00000000ab800000, 0x00000000ab800000, 0x00000000ab900000|  0%| F|  |TAMS 0x00000000ab800000, 0x00000000ab800000| Untracked 
| 171|0x00000000ab900000, 0x00000000ab900000, 0x00000000aba00000|  0%| F|  |TAMS 0x00000000ab900000, 0x00000000ab900000| Untracked 
| 172|0x00000000aba00000, 0x00000000aba00000, 0x00000000abb00000|  0%| F|  |TAMS 0x00000000aba00000, 0x00000000aba00000| Untracked 
| 173|0x00000000abb00000, 0x00000000abb00000, 0x00000000abc00000|  0%| F|  |TAMS 0x00000000abb00000, 0x00000000abb00000| Untracked 
| 174|0x00000000abc00000, 0x00000000abc00000, 0x00000000abd00000|  0%| F|  |TAMS 0x00000000abc00000, 0x00000000abc00000| Untracked 
| 175|0x00000000abd00000, 0x00000000abd00000, 0x00000000abe00000|  0%| F|  |TAMS 0x00000000abd00000, 0x00000000abd00000| Untracked 
| 176|0x00000000abe00000, 0x00000000abe00000, 0x00000000abf00000|  0%| F|  |TAMS 0x00000000abe00000, 0x00000000abe00000| Untracked 
| 177|0x00000000abf00000, 0x00000000abf00000, 0x00000000ac000000|  0%| F|  |TAMS 0x00000000abf00000, 0x00000000abf00000| Untracked 
| 178|0x00000000ac000000, 0x00000000ac000000, 0x00000000ac100000|  0%| F|  |TAMS 0x00000000ac000000, 0x00000000ac000000| Untracked 
| 179|0x00000000ac100000, 0x00000000ac100000, 0x00000000ac200000|  0%| F|  |TAMS 0x00000000ac100000, 0x00000000ac100000| Untracked 
| 180|0x00000000ac200000, 0x00000000ac200000, 0x00000000ac300000|  0%| F|  |TAMS 0x00000000ac200000, 0x00000000ac200000| Untracked 
| 181|0x00000000ac300000, 0x00000000ac300000, 0x00000000ac400000|  0%| F|  |TAMS 0x00000000ac300000, 0x00000000ac300000| Untracked 
| 182|0x00000000ac400000, 0x00000000ac400000, 0x00000000ac500000|  0%| F|  |TAMS 0x00000000ac400000, 0x00000000ac400000| Untracked 
| 183|0x00000000ac500000, 0x00000000ac500000, 0x00000000ac600000|  0%| F|  |TAMS 0x00000000ac500000, 0x00000000ac500000| Untracked 
| 184|0x00000000ac600000, 0x00000000ac600000, 0x00000000ac700000|  0%| F|  |TAMS 0x00000000ac600000, 0x00000000ac600000| Untracked 
| 185|0x00000000ac700000, 0x00000000ac700000, 0x00000000ac800000|  0%| F|  |TAMS 0x00000000ac700000, 0x00000000ac700000| Untracked 
| 186|0x00000000ac800000, 0x00000000ac800000, 0x00000000ac900000|  0%| F|  |TAMS 0x00000000ac800000, 0x00000000ac800000| Untracked 
| 187|0x00000000ac900000, 0x00000000ac900000, 0x00000000aca00000|  0%| F|  |TAMS 0x00000000ac900000, 0x00000000ac900000| Untracked 
| 188|0x00000000aca00000, 0x00000000aca00000, 0x00000000acb00000|  0%| F|  |TAMS 0x00000000aca00000, 0x00000000aca00000| Untracked 
| 189|0x00000000acb00000, 0x00000000acb00000, 0x00000000acc00000|  0%| F|  |TAMS 0x00000000acb00000, 0x00000000acb00000| Untracked 
| 190|0x00000000acc00000, 0x00000000acc00000, 0x00000000acd00000|  0%| F|  |TAMS 0x00000000acc00000, 0x00000000acc00000| Untracked 
| 191|0x00000000acd00000, 0x00000000acd00000, 0x00000000ace00000|  0%| F|  |TAMS 0x00000000acd00000, 0x00000000acd00000| Untracked 
| 192|0x00000000ace00000, 0x00000000ace00000, 0x00000000acf00000|  0%| F|  |TAMS 0x00000000ace00000, 0x00000000ace00000| Untracked 
| 193|0x00000000acf00000, 0x00000000acf00000, 0x00000000ad000000|  0%| F|  |TAMS 0x00000000acf00000, 0x00000000acf00000| Untracked 
| 194|0x00000000ad000000, 0x00000000ad000000, 0x00000000ad100000|  0%| F|  |TAMS 0x00000000ad000000, 0x00000000ad000000| Untracked 
| 195|0x00000000ad100000, 0x00000000ad100000, 0x00000000ad200000|  0%| F|  |TAMS 0x00000000ad100000, 0x00000000ad100000| Untracked 
| 196|0x00000000ad200000, 0x00000000ad200000, 0x00000000ad300000|  0%| F|  |TAMS 0x00000000ad200000, 0x00000000ad200000| Untracked 
| 197|0x00000000ad300000, 0x00000000ad300000, 0x00000000ad400000|  0%| F|  |TAMS 0x00000000ad300000, 0x00000000ad300000| Untracked 
| 198|0x00000000ad400000, 0x00000000ad400000, 0x00000000ad500000|  0%| F|  |TAMS 0x00000000ad400000, 0x00000000ad400000| Untracked 
| 199|0x00000000ad500000, 0x00000000ad500000, 0x00000000ad600000|  0%| F|  |TAMS 0x00000000ad500000, 0x00000000ad500000| Untracked 
| 200|0x00000000ad600000, 0x00000000ad600000, 0x00000000ad700000|  0%| F|  |TAMS 0x00000000ad600000, 0x00000000ad600000| Untracked 
| 201|0x00000000ad700000, 0x00000000ad700000, 0x00000000ad800000|  0%| F|  |TAMS 0x00000000ad700000, 0x00000000ad700000| Untracked 
| 202|0x00000000ad800000, 0x00000000ad800000, 0x00000000ad900000|  0%| F|  |TAMS 0x00000000ad800000, 0x00000000ad800000| Untracked 
| 203|0x00000000ad900000, 0x00000000ad900000, 0x00000000ada00000|  0%| F|  |TAMS 0x00000000ad900000, 0x00000000ad900000| Untracked 
| 204|0x00000000ada00000, 0x00000000ada00000, 0x00000000adb00000|  0%| F|  |TAMS 0x00000000ada00000, 0x00000000ada00000| Untracked 
| 205|0x00000000adb00000, 0x00000000adb00000, 0x00000000adc00000|  0%| F|  |TAMS 0x00000000adb00000, 0x00000000adb00000| Untracked 
| 206|0x00000000adc00000, 0x00000000adc00000, 0x00000000add00000|  0%| F|  |TAMS 0x00000000adc00000, 0x00000000adc00000| Untracked 
| 207|0x00000000add00000, 0x00000000add00000, 0x00000000ade00000|  0%| F|  |TAMS 0x00000000add00000, 0x00000000add00000| Untracked 
| 208|0x00000000ade00000, 0x00000000ade00000, 0x00000000adf00000|  0%| F|  |TAMS 0x00000000ade00000, 0x00000000ade00000| Untracked 
| 209|0x00000000adf00000, 0x00000000adf00000, 0x00000000ae000000|  0%| F|  |TAMS 0x00000000adf00000, 0x00000000adf00000| Untracked 
| 210|0x00000000ae000000, 0x00000000ae000000, 0x00000000ae100000|  0%| F|  |TAMS 0x00000000ae000000, 0x00000000ae000000| Untracked 
| 211|0x00000000ae100000, 0x00000000ae100000, 0x00000000ae200000|  0%| F|  |TAMS 0x00000000ae100000, 0x00000000ae100000| Untracked 
| 212|0x00000000ae200000, 0x00000000ae200000, 0x00000000ae300000|  0%| F|  |TAMS 0x00000000ae200000, 0x00000000ae200000| Untracked 
| 213|0x00000000ae300000, 0x00000000ae300000, 0x00000000ae400000|  0%| F|  |TAMS 0x00000000ae300000, 0x00000000ae300000| Untracked 
| 214|0x00000000ae400000, 0x00000000ae400000, 0x00000000ae500000|  0%| F|  |TAMS 0x00000000ae400000, 0x00000000ae400000| Untracked 
| 215|0x00000000ae500000, 0x00000000ae500000, 0x00000000ae600000|  0%| F|  |TAMS 0x00000000ae500000, 0x00000000ae500000| Untracked 
| 216|0x00000000ae600000, 0x00000000ae600000, 0x00000000ae700000|  0%| F|  |TAMS 0x00000000ae600000, 0x00000000ae600000| Untracked 
| 217|0x00000000ae700000, 0x00000000ae700000, 0x00000000ae800000|  0%| F|  |TAMS 0x00000000ae700000, 0x00000000ae700000| Untracked 
| 218|0x00000000ae800000, 0x00000000ae800000, 0x00000000ae900000|  0%| F|  |TAMS 0x00000000ae800000, 0x00000000ae800000| Untracked 
| 219|0x00000000ae900000, 0x00000000ae900000, 0x00000000aea00000|  0%| F|  |TAMS 0x00000000ae900000, 0x00000000ae900000| Untracked 
| 220|0x00000000aea00000, 0x00000000aea00000, 0x00000000aeb00000|  0%| F|  |TAMS 0x00000000aea00000, 0x00000000aea00000| Untracked 
| 221|0x00000000aeb00000, 0x00000000aeb00000, 0x00000000aec00000|  0%| F|  |TAMS 0x00000000aeb00000, 0x00000000aeb00000| Untracked 
| 222|0x00000000aec00000, 0x00000000aec00000, 0x00000000aed00000|  0%| F|  |TAMS 0x00000000aec00000, 0x00000000aec00000| Untracked 
| 223|0x00000000aed00000, 0x00000000aed00000, 0x00000000aee00000|  0%| F|  |TAMS 0x00000000aed00000, 0x00000000aed00000| Untracked 
| 224|0x00000000aee00000, 0x00000000aee00000, 0x00000000aef00000|  0%| F|  |TAMS 0x00000000aee00000, 0x00000000aee00000| Untracked 
| 225|0x00000000aef00000, 0x00000000aef00000, 0x00000000af000000|  0%| F|  |TAMS 0x00000000aef00000, 0x00000000aef00000| Untracked 
| 226|0x00000000af000000, 0x00000000af000000, 0x00000000af100000|  0%| F|  |TAMS 0x00000000af000000, 0x00000000af000000| Untracked 
| 227|0x00000000af100000, 0x00000000af100000, 0x00000000af200000|  0%| F|  |TAMS 0x00000000af100000, 0x00000000af100000| Untracked 
| 228|0x00000000af200000, 0x00000000af200000, 0x00000000af300000|  0%| F|  |TAMS 0x00000000af200000, 0x00000000af200000| Untracked 
| 229|0x00000000af300000, 0x00000000af300000, 0x00000000af400000|  0%| F|  |TAMS 0x00000000af300000, 0x00000000af300000| Untracked 
| 230|0x00000000af400000, 0x00000000af400000, 0x00000000af500000|  0%| F|  |TAMS 0x00000000af400000, 0x00000000af400000| Untracked 
| 231|0x00000000af500000, 0x00000000af500000, 0x00000000af600000|  0%| F|  |TAMS 0x00000000af500000, 0x00000000af500000| Untracked 
| 232|0x00000000af600000, 0x00000000af600000, 0x00000000af700000|  0%| F|  |TAMS 0x00000000af600000, 0x00000000af600000| Untracked 
| 233|0x00000000af700000, 0x00000000af700000, 0x00000000af800000|  0%| F|  |TAMS 0x00000000af700000, 0x00000000af700000| Untracked 
| 234|0x00000000af800000, 0x00000000af800000, 0x00000000af900000|  0%| F|  |TAMS 0x00000000af800000, 0x00000000af800000| Untracked 
| 235|0x00000000af900000, 0x00000000af900000, 0x00000000afa00000|  0%| F|  |TAMS 0x00000000af900000, 0x00000000af900000| Untracked 
| 236|0x00000000afa00000, 0x00000000afa00000, 0x00000000afb00000|  0%| F|  |TAMS 0x00000000afa00000, 0x00000000afa00000| Untracked 
| 237|0x00000000afb00000, 0x00000000afb00000, 0x00000000afc00000|  0%| F|  |TAMS 0x00000000afb00000, 0x00000000afb00000| Untracked 
| 238|0x00000000afc00000, 0x00000000afc00000, 0x00000000afd00000|  0%| F|  |TAMS 0x00000000afc00000, 0x00000000afc00000| Untracked 
| 239|0x00000000afd00000, 0x00000000afd00000, 0x00000000afe00000|  0%| F|  |TAMS 0x00000000afd00000, 0x00000000afd00000| Untracked 
| 240|0x00000000afe00000, 0x00000000afe00000, 0x00000000aff00000|  0%| F|  |TAMS 0x00000000afe00000, 0x00000000afe00000| Untracked 
| 241|0x00000000aff00000, 0x00000000aff00000, 0x00000000b0000000|  0%| F|  |TAMS 0x00000000aff00000, 0x00000000aff00000| Untracked 
| 242|0x00000000b0000000, 0x00000000b0100000, 0x00000000b0100000|100%| E|  |TAMS 0x00000000b0000000, 0x00000000b0000000| Complete 
| 243|0x00000000b0100000, 0x00000000b0200000, 0x00000000b0200000|100%| E|CS|TAMS 0x00000000b0100000, 0x00000000b0100000| Complete 
| 244|0x00000000b0200000, 0x00000000b0300000, 0x00000000b0300000|100%| E|CS|TAMS 0x00000000b0200000, 0x00000000b0200000| Complete 
| 245|0x00000000b0300000, 0x00000000b0400000, 0x00000000b0400000|100%| E|CS|TAMS 0x00000000b0300000, 0x00000000b0300000| Complete 
| 246|0x00000000b0400000, 0x00000000b0500000, 0x00000000b0500000|100%| E|CS|TAMS 0x00000000b0400000, 0x00000000b0400000| Complete 
| 247|0x00000000b0500000, 0x00000000b0600000, 0x00000000b0600000|100%| E|CS|TAMS 0x00000000b0500000, 0x00000000b0500000| Complete 
| 248|0x00000000b0600000, 0x00000000b0700000, 0x00000000b0700000|100%| E|CS|TAMS 0x00000000b0600000, 0x00000000b0600000| Complete 
| 249|0x00000000b0700000, 0x00000000b0800000, 0x00000000b0800000|100%| E|CS|TAMS 0x00000000b0700000, 0x00000000b0700000| Complete 
| 250|0x00000000b0800000, 0x00000000b0900000, 0x00000000b0900000|100%| E|CS|TAMS 0x00000000b0800000, 0x00000000b0800000| Complete 
| 251|0x00000000b0900000, 0x00000000b0a00000, 0x00000000b0a00000|100%| E|CS|TAMS 0x00000000b0900000, 0x00000000b0900000| Complete 
| 252|0x00000000b0a00000, 0x00000000b0b00000, 0x00000000b0b00000|100%| E|CS|TAMS 0x00000000b0a00000, 0x00000000b0a00000| Complete 
| 253|0x00000000b0b00000, 0x00000000b0c00000, 0x00000000b0c00000|100%| E|CS|TAMS 0x00000000b0b00000, 0x00000000b0b00000| Complete 
| 254|0x00000000b0c00000, 0x00000000b0d00000, 0x00000000b0d00000|100%| E|CS|TAMS 0x00000000b0c00000, 0x00000000b0c00000| Complete 
| 255|0x00000000b0d00000, 0x00000000b0e00000, 0x00000000b0e00000|100%| E|CS|TAMS 0x00000000b0d00000, 0x00000000b0d00000| Complete 
| 256|0x00000000b0e00000, 0x00000000b0f00000, 0x00000000b0f00000|100%| E|CS|TAMS 0x00000000b0e00000, 0x00000000b0e00000| Complete 
| 257|0x00000000b0f00000, 0x00000000b1000000, 0x00000000b1000000|100%| E|CS|TAMS 0x00000000b0f00000, 0x00000000b0f00000| Complete 
| 258|0x00000000b1000000, 0x00000000b1100000, 0x00000000b1100000|100%| E|CS|TAMS 0x00000000b1000000, 0x00000000b1000000| Complete 
| 259|0x00000000b1100000, 0x00000000b1200000, 0x00000000b1200000|100%| E|CS|TAMS 0x00000000b1100000, 0x00000000b1100000| Complete 
| 260|0x00000000b1200000, 0x00000000b1300000, 0x00000000b1300000|100%| E|CS|TAMS 0x00000000b1200000, 0x00000000b1200000| Complete 
| 261|0x00000000b1300000, 0x00000000b1400000, 0x00000000b1400000|100%| E|CS|TAMS 0x00000000b1300000, 0x00000000b1300000| Complete 
| 262|0x00000000b1400000, 0x00000000b1500000, 0x00000000b1500000|100%| E|CS|TAMS 0x00000000b1400000, 0x00000000b1400000| Complete 
| 263|0x00000000b1500000, 0x00000000b1600000, 0x00000000b1600000|100%| E|CS|TAMS 0x00000000b1500000, 0x00000000b1500000| Complete 
| 264|0x00000000b1600000, 0x00000000b1700000, 0x00000000b1700000|100%| E|CS|TAMS 0x00000000b1600000, 0x00000000b1600000| Complete 
| 265|0x00000000b1700000, 0x00000000b1800000, 0x00000000b1800000|100%| E|CS|TAMS 0x00000000b1700000, 0x00000000b1700000| Complete 
| 266|0x00000000b1800000, 0x00000000b1900000, 0x00000000b1900000|100%| E|CS|TAMS 0x00000000b1800000, 0x00000000b1800000| Complete 
| 267|0x00000000b1900000, 0x00000000b1a00000, 0x00000000b1a00000|100%| E|CS|TAMS 0x00000000b1900000, 0x00000000b1900000| Complete 
| 268|0x00000000b1a00000, 0x00000000b1b00000, 0x00000000b1b00000|100%| E|CS|TAMS 0x00000000b1a00000, 0x00000000b1a00000| Complete 
| 269|0x00000000b1b00000, 0x00000000b1c00000, 0x00000000b1c00000|100%| E|CS|TAMS 0x00000000b1b00000, 0x00000000b1b00000| Complete 
| 270|0x00000000b1c00000, 0x00000000b1d00000, 0x00000000b1d00000|100%| E|CS|TAMS 0x00000000b1c00000, 0x00000000b1c00000| Complete 
| 271|0x00000000b1d00000, 0x00000000b1e00000, 0x00000000b1e00000|100%| E|CS|TAMS 0x00000000b1d00000, 0x00000000b1d00000| Complete 
| 272|0x00000000b1e00000, 0x00000000b1f00000, 0x00000000b1f00000|100%| E|CS|TAMS 0x00000000b1e00000, 0x00000000b1e00000| Complete 
| 273|0x00000000b1f00000, 0x00000000b2000000, 0x00000000b2000000|100%| E|CS|TAMS 0x00000000b1f00000, 0x00000000b1f00000| Complete 
| 274|0x00000000b2000000, 0x00000000b2100000, 0x00000000b2100000|100%| E|CS|TAMS 0x00000000b2000000, 0x00000000b2000000| Complete 
|1519|0x00000000ffd00000, 0x00000000ffe00000, 0x00000000ffe00000|100%| O|  |TAMS 0x00000000ffe00000, 0x00000000ffd00000| Untracked 
|1520|0x00000000ffe00000, 0x00000000fff00000, 0x00000000fff00000|100%| O|  |TAMS 0x00000000fff00000, 0x00000000ffe00000| Untracked 
|1521|0x00000000fff00000, 0x0000000100000000, 0x0000000100000000|100%| E|CS|TAMS 0x00000000fff00000, 0x00000000fff00000| Complete 

Card table byte_map: [0x0000026dbdbd0000,0x0000026dbded0000] _byte_map_base: 0x0000026dbd6c9000

Marking Bits (Prev, Next): (CMBitMap*) 0x0000026dab4685f0, (CMBitMap*) 0x0000026dab468630
 Prev Bits: [0x0000026dbe1d0000, 0x0000026dbf998000)
 Next Bits: [0x0000026dbf9a0000, 0x0000026dc1168000)

Polling page: 0x0000026da9350000

Metaspace:

Usage:
  Non-class:     58.87 MB used.
      Class:      7.66 MB used.
       Both:     66.54 MB used.

Virtual space:
  Non-class space:       64.00 MB reserved,      59.00 MB ( 92%) committed,  1 nodes.
      Class space:        1.00 GB reserved,       7.81 MB ( <1%) committed,  1 nodes.
             Both:        1.06 GB reserved,      66.81 MB (  6%) committed. 

Chunk freelists:
   Non-Class:  4.12 MB
       Class:  8.20 MB
        Both:  12.32 MB

MaxMetaspaceSize: unlimited
CompressedClassSpaceSize: 1.00 GB
Initial GC threshold: 21.00 MB
Current GC threshold: 94.81 MB
CDS: off
MetaspaceReclaimPolicy: balanced
 - commit_granule_bytes: 65536.
 - commit_granule_words: 8192.
 - virtual_space_node_default_size: 8388608.
 - enlarge_chunks_in_place: 1.
 - new_chunks_are_fully_committed: 0.
 - uncommit_free_chunks: 1.
 - use_allocation_guard: 0.
 - handle_deallocations: 1.


Internal statistics:

num_allocs_failed_limit: 9.
num_arena_births: 326.
num_arena_deaths: 0.
num_vsnodes_births: 2.
num_vsnodes_deaths: 0.
num_space_committed: 1067.
num_space_uncommitted: 0.
num_chunks_returned_to_freelist: 9.
num_chunks_taken_from_freelist: 2519.
num_chunk_merges: 9.
num_chunk_splits: 2026.
num_chunks_enlarged: 1764.
num_inconsistent_stats: 0.

CodeHeap 'non-profiled nmethods': size=120000Kb used=5903Kb max_used=5903Kb free=114096Kb
 bounds [0x0000026db63a0000, 0x0000026db6970000, 0x0000026dbd8d0000]
CodeHeap 'profiled nmethods': size=120000Kb used=27587Kb max_used=27587Kb free=92412Kb
 bounds [0x0000026dae8d0000, 0x0000026db03d0000, 0x0000026db5e00000]
CodeHeap 'non-nmethods': size=5760Kb used=1299Kb max_used=1375Kb free=4460Kb
 bounds [0x0000026db5e00000, 0x0000026db6070000, 0x0000026db63a0000]
 total_blobs=10579 nmethods=9971 adapters=518
 compilation: enabled
              stopped_count=0, restarted_count=0
 full_count=0

Compilation events (20 events):
Event: 26.004 Thread 0x0000026dc3820cd0 nmethod 11665 0x0000026db6962b10 code [0x0000026db6962ca0, 0x0000026db6962d78]
Event: 26.005 Thread 0x0000026dc3820cd0 11668       2       kotlin.sequences.SequencesKt__SequencesKt$generateSequence$1::<init> (11 bytes)
Event: 26.005 Thread 0x0000026dc3820cd0 nmethod 11668 0x0000026db03b8810 code [0x0000026db03b89a0, 0x0000026db03b8af8]
Event: 26.005 Thread 0x0000026dc3820cd0 11669       2       kotlin.sequences.SequencesKt__SequencesKt::constrainOnce (29 bytes)
Event: 26.006 Thread 0x0000026dc3820cd0 nmethod 11669 0x0000026db03b8b90 code [0x0000026db03b8dc0, 0x0000026db03b93b8]
Event: 26.006 Thread 0x0000026dc3820cd0 11672       1       org.jetbrains.kotlin.metadata.ProtoBuf$Function::getReceiverType (5 bytes)
Event: 26.006 Thread 0x0000026dc3820cd0 nmethod 11672 0x0000026db6962e10 code [0x0000026db6962fa0, 0x0000026db6963078]
Event: 26.006 Thread 0x0000026dc3820cd0 11670       2       kotlin.sequences.ConstrainedOnceSequence::<init> (23 bytes)
Event: 26.006 Thread 0x0000026dc3820cd0 nmethod 11670 0x0000026db03b9710 code [0x0000026db03b9900, 0x0000026db03b9cb8]
Event: 26.006 Thread 0x0000026dc3820cd0 11671       2       java.lang.invoke.VarHandleReferences$FieldInstanceReadWrite::getAndSet (35 bytes)
Event: 26.007 Thread 0x0000026dc3820cd0 nmethod 11671 0x0000026db03b9e90 code [0x0000026db03ba080, 0x0000026db03ba528]
Event: 26.007 Thread 0x0000026dc3820cd0 11666       1       org.jetbrains.kotlin.metadata.ProtoBuf$TypeParameter::getVariance (5 bytes)
Event: 26.007 Thread 0x0000026dc3820cd0 nmethod 11666 0x0000026db6963110 code [0x0000026db69632a0, 0x0000026db6963378]
Event: 26.007 Thread 0x0000026dc3820cd0 11667       1       org.jetbrains.kotlin.metadata.ProtoBuf$TypeParameter::getReified (5 bytes)
Event: 26.008 Thread 0x0000026dc3820cd0 nmethod 11667 0x0000026db6963410 code [0x0000026db69635a0, 0x0000026db6963678]
Event: 26.008 Thread 0x0000026dc3820cd0 11673       2       org.jetbrains.kotlin.types.ClassTypeConstructorImpl::getParameters (13 bytes)
Event: 26.008 Thread 0x0000026dc3820cd0 nmethod 11673 0x0000026db03ba790 code [0x0000026db03ba920, 0x0000026db03baa68]
Event: 26.010 Thread 0x0000026dc3820cd0 11675       2       org.jetbrains.kotlin.types.TypeUtils::isNullableType (162 bytes)
Event: 26.013 Thread 0x0000026dc3820cd0 nmethod 11675 0x0000026db03bab10 code [0x0000026db03baf00, 0x0000026db03bbdb8]
Event: 26.029 Thread 0x0000026dc3820cd0 11677       2       org.jetbrains.kotlin.psi.KtExpressionWithLabel::getTargetLabel (36 bytes)

GC Heap History (20 events):
Event: 11.652 GC heap before
{Heap before GC invocations=20 (full 0):
 garbage-first heap   total 75776K, used 57344K [0x00000000a0e00000, 0x0000000100000000)
  region size 1024K, 17 young (17408K), 3 survivors (3072K)
 Metaspace       used 57546K, committed 57792K, reserved 1114112K
  class space    used 6759K, committed 6848K, reserved 1048576K
}
Event: 11.672 GC heap after
{Heap after GC invocations=21 (full 0):
 garbage-first heap   total 75776K, used 46394K [0x00000000a0e00000, 0x0000000100000000)
  region size 1024K, 3 young (3072K), 3 survivors (3072K)
 Metaspace       used 57546K, committed 57792K, reserved 1114112K
  class space    used 6759K, committed 6848K, reserved 1048576K
}
Event: 11.732 GC heap before
{Heap before GC invocations=21 (full 0):
 garbage-first heap   total 75776K, used 47418K [0x00000000a0e00000, 0x0000000100000000)
  region size 1024K, 4 young (4096K), 3 survivors (3072K)
 Metaspace       used 57554K, committed 57792K, reserved 1114112K
  class space    used 6760K, committed 6848K, reserved 1048576K
}
Event: 11.743 GC heap after
{Heap after GC invocations=22 (full 0):
 garbage-first heap   total 94208K, used 46251K [0x00000000a0e00000, 0x0000000100000000)
  region size 1024K, 1 young (1024K), 1 survivors (1024K)
 Metaspace       used 57554K, committed 57792K, reserved 1114112K
  class space    used 6760K, committed 6848K, reserved 1048576K
}
Event: 12.486 GC heap before
{Heap before GC invocations=22 (full 0):
 garbage-first heap   total 94208K, used 70827K [0x00000000a0e00000, 0x0000000100000000)
  region size 1024K, 25 young (25600K), 1 survivors (1024K)
 Metaspace       used 57896K, committed 58176K, reserved 1114112K
  class space    used 6780K, committed 6912K, reserved 1048576K
}
Event: 12.506 GC heap after
{Heap after GC invocations=23 (full 0):
 garbage-first heap   total 94208K, used 50796K [0x00000000a0e00000, 0x0000000100000000)
  region size 1024K, 4 young (4096K), 4 survivors (4096K)
 Metaspace       used 57896K, committed 58176K, reserved 1114112K
  class space    used 6780K, committed 6912K, reserved 1048576K
}
Event: 13.103 GC heap before
{Heap before GC invocations=24 (full 0):
 garbage-first heap   total 94208K, used 72300K [0x00000000a0e00000, 0x0000000100000000)
  region size 1024K, 25 young (25600K), 4 survivors (4096K)
 Metaspace       used 58022K, committed 58304K, reserved 1114112K
  class space    used 6785K, committed 6912K, reserved 1048576K
}
Event: 13.125 GC heap after
{Heap after GC invocations=25 (full 0):
 garbage-first heap   total 94208K, used 54916K [0x00000000a0e00000, 0x0000000100000000)
  region size 1024K, 4 young (4096K), 4 survivors (4096K)
 Metaspace       used 58022K, committed 58304K, reserved 1114112K
  class space    used 6785K, committed 6912K, reserved 1048576K
}
Event: 13.138 GC heap before
{Heap before GC invocations=25 (full 0):
 garbage-first heap   total 94208K, used 55940K [0x00000000a0e00000, 0x0000000100000000)
  region size 1024K, 5 young (5120K), 4 survivors (4096K)
 Metaspace       used 58024K, committed 58304K, reserved 1114112K
  class space    used 6785K, committed 6912K, reserved 1048576K
}
Event: 13.149 GC heap after
{Heap after GC invocations=26 (full 0):
 garbage-first heap   total 94208K, used 55345K [0x00000000a0e00000, 0x0000000100000000)
  region size 1024K, 1 young (1024K), 1 survivors (1024K)
 Metaspace       used 58024K, committed 58304K, reserved 1114112K
  class space    used 6785K, committed 6912K, reserved 1048576K
}
Event: 13.505 GC heap before
{Heap before GC invocations=26 (full 0):
 garbage-first heap   total 94208K, used 73777K [0x00000000a0e00000, 0x0000000100000000)
  region size 1024K, 19 young (19456K), 1 survivors (1024K)
 Metaspace       used 58085K, committed 58368K, reserved 1114112K
  class space    used 6788K, committed 6912K, reserved 1048576K
}
Event: 13.518 GC heap after
{Heap after GC invocations=27 (full 0):
 garbage-first heap   total 94208K, used 58368K [0x00000000a0e00000, 0x0000000100000000)
  region size 1024K, 3 young (3072K), 3 survivors (3072K)
 Metaspace       used 58085K, committed 58368K, reserved 1114112K
  class space    used 6788K, committed 6912K, reserved 1048576K
}
Event: 13.869 GC heap before
{Heap before GC invocations=28 (full 0):
 garbage-first heap   total 109568K, used 74752K [0x00000000a0e00000, 0x0000000100000000)
  region size 1024K, 19 young (19456K), 3 survivors (3072K)
 Metaspace       used 58107K, committed 58368K, reserved 1114112K
  class space    used 6788K, committed 6912K, reserved 1048576K
}
Event: 13.888 GC heap after
{Heap after GC invocations=29 (full 0):
 garbage-first heap   total 109568K, used 61574K [0x00000000a0e00000, 0x0000000100000000)
  region size 1024K, 3 young (3072K), 3 survivors (3072K)
 Metaspace       used 58107K, committed 58368K, reserved 1114112K
  class space    used 6788K, committed 6912K, reserved 1048576K
}
Event: 13.910 GC heap before
{Heap before GC invocations=29 (full 0):
 garbage-first heap   total 109568K, used 63622K [0x00000000a0e00000, 0x0000000100000000)
  region size 1024K, 5 young (5120K), 3 survivors (3072K)
 Metaspace       used 58107K, committed 58368K, reserved 1114112K
  class space    used 6788K, committed 6912K, reserved 1048576K
}
Event: 13.922 GC heap after
{Heap after GC invocations=30 (full 0):
 garbage-first heap   total 284672K, used 62014K [0x00000000a0e00000, 0x0000000100000000)
  region size 1024K, 1 young (1024K), 1 survivors (1024K)
 Metaspace       used 58107K, committed 58368K, reserved 1114112K
  class space    used 6788K, committed 6912K, reserved 1048576K
}
Event: 15.012 GC heap before
{Heap before GC invocations=30 (full 0):
 garbage-first heap   total 284672K, used 193086K [0x00000000a0e00000, 0x0000000100000000)
  region size 1024K, 129 young (132096K), 1 survivors (1024K)
 Metaspace       used 58337K, committed 58560K, reserved 1114112K
  class space    used 6805K, committed 6912K, reserved 1048576K
}
Event: 15.025 GC heap after
{Heap after GC invocations=31 (full 0):
 garbage-first heap   total 284672K, used 67431K [0x00000000a0e00000, 0x0000000100000000)
  region size 1024K, 7 young (7168K), 7 survivors (7168K)
 Metaspace       used 58337K, committed 58560K, reserved 1114112K
  class space    used 6805K, committed 6912K, reserved 1048576K
}
Event: 23.787 GC heap before
{Heap before GC invocations=31 (full 0):
 garbage-first heap   total 284672K, used 211815K [0x00000000a0e00000, 0x0000000100000000)
  region size 1024K, 145 young (148480K), 7 survivors (7168K)
 Metaspace       used 67178K, committed 67520K, reserved 1114112K
  class space    used 7759K, committed 7936K, reserved 1048576K
}
Event: 23.825 GC heap after
{Heap after GC invocations=32 (full 0):
 garbage-first heap   total 284672K, used 83968K [0x00000000a0e00000, 0x0000000100000000)
  region size 1024K, 19 young (19456K), 19 survivors (19456K)
 Metaspace       used 67178K, committed 67520K, reserved 1114112K
  class space    used 7759K, committed 7936K, reserved 1048576K
}

Dll operation events (2 events):
Event: 0.016 Loaded shared library C:\Program Files\Android\Android Studio\jbr\bin\java.dll
Event: 2.497 Loaded shared library C:\Program Files\Android\Android Studio\jbr\bin\verify.dll

Deoptimization events (20 events):
Event: 25.910 Thread 0x0000026dab41d540 Uncommon trap: trap_request=0xffffffc6 fr.pc=0x0000026db693f890 relative=0x0000000000002030
Event: 25.910 Thread 0x0000026dab41d540 Uncommon trap: reason=bimorphic_or_optimized_type_check action=maybe_recompile pc=0x0000026db693f890 method=org.jetbrains.kotlin.resolve.calls.util.PsiUtilsKt.getCalleeExpressionIfAny(Lorg/jetbrains/kotlin/psi/KtElement;)Lorg/jetbrains/kotlin/psi/KtExpres
Event: 25.910 Thread 0x0000026dab41d540 DEOPT PACKING pc=0x0000026db693f890 sp=0x000000e0f08f4b30
Event: 25.910 Thread 0x0000026dab41d540 DEOPT UNPACKING pc=0x0000026db5e569a3 sp=0x000000e0f08f4ae0 mode 2
Event: 25.959 Thread 0x0000026dab41d540 Uncommon trap: trap_request=0xffffff45 fr.pc=0x0000026db674a030 relative=0x0000000000003010
Event: 25.959 Thread 0x0000026dab41d540 Uncommon trap: reason=unstable_if action=reinterpret pc=0x0000026db674a030 method=kotlin.collections.ArraysKt___ArraysKt.indexOf([Ljava/lang/Object;Ljava/lang/Object;)I @ 51 c2
Event: 25.959 Thread 0x0000026dab41d540 DEOPT PACKING pc=0x0000026db674a030 sp=0x000000e0f08f70d0
Event: 25.959 Thread 0x0000026dab41d540 DEOPT UNPACKING pc=0x0000026db5e569a3 sp=0x000000e0f08f6fc8 mode 2
Event: 25.960 Thread 0x0000026dab41d540 Uncommon trap: trap_request=0xffffff45 fr.pc=0x0000026db6448e74 relative=0x00000000000002b4
Event: 25.960 Thread 0x0000026dab41d540 Uncommon trap: reason=unstable_if action=reinterpret pc=0x0000026db6448e74 method=java.util.HashMap.getNode(Ljava/lang/Object;)Ljava/util/HashMap$Node; @ 66 c2
Event: 25.960 Thread 0x0000026dab41d540 DEOPT PACKING pc=0x0000026db6448e74 sp=0x000000e0f08f6ff0
Event: 25.960 Thread 0x0000026dab41d540 DEOPT UNPACKING pc=0x0000026db5e569a3 sp=0x000000e0f08f6f00 mode 2
Event: 25.973 Thread 0x0000026dab41d540 Uncommon trap: trap_request=0xffffff45 fr.pc=0x0000026db695665c relative=0x00000000000003dc
Event: 25.973 Thread 0x0000026dab41d540 Uncommon trap: reason=unstable_if action=reinterpret pc=0x0000026db695665c method=org.jetbrains.kotlin.types.TypeUtils.isNullableType(Lorg/jetbrains/kotlin/types/KotlinType;)Z @ 35 c2
Event: 25.973 Thread 0x0000026dab41d540 DEOPT PACKING pc=0x0000026db695665c sp=0x000000e0f08f94f0
Event: 25.973 Thread 0x0000026dab41d540 DEOPT UNPACKING pc=0x0000026db5e569a3 sp=0x000000e0f08f9490 mode 2
Event: 26.019 Thread 0x0000026dab41d540 Uncommon trap: trap_request=0xffffff45 fr.pc=0x0000026db65b14cc relative=0x000000000000018c
Event: 26.019 Thread 0x0000026dab41d540 Uncommon trap: reason=unstable_if action=reinterpret pc=0x0000026db65b14cc method=org.jetbrains.kotlin.psi.KtPsiUtil.deparenthesizeOnce(Lorg/jetbrains/kotlin/psi/KtExpression;Z)Lorg/jetbrains/kotlin/psi/KtExpression; @ 55 c2
Event: 26.019 Thread 0x0000026dab41d540 DEOPT PACKING pc=0x0000026db65b14cc sp=0x000000e0f08fbfb0
Event: 26.020 Thread 0x0000026dab41d540 DEOPT UNPACKING pc=0x0000026db5e569a3 sp=0x000000e0f08fbe78 mode 2

Classes unloaded (0 events):
No events

Classes redefined (0 events):
No events

Internal exceptions (20 events):
Event: 9.944 Thread 0x0000026dab41d540 Exception <a 'java/lang/NoSuchMethodError'{0x00000000a40dba90}: 'java.lang.Object java.lang.invoke.DirectMethodHandle$Holder.invokeStaticInit(java.lang.Object, java.lang.Object, java.lang.Object)'> (0x00000000a40dba90) 
thrown [s\src\hotspot\share\interpreter\linkResolver.cpp, line 771]
Event: 10.405 Thread 0x0000026dab41d540 Exception <a 'java/lang/NoSuchMethodError'{0x00000000a4c96230}: 'java.lang.Object java.lang.invoke.DirectMethodHandle$Holder.newInvokeSpecial(java.lang.Object, java.lang.Object, java.lang.Object, java.lang.Object, java.lang.Object, java.lang.Object)'> (0x00000000a4c96230) 
thrown [s\src\hotspot\share\interpreter\linkResolver.cpp, line 771]
Event: 11.991 Thread 0x0000026dab41d540 Implicit null exception at 0x0000026db63ecc0e to 0x0000026db63ece64
Event: 11.991 Thread 0x0000026dab41d540 Implicit null exception at 0x0000026db640548f to 0x0000026db6405505
Event: 15.302 Thread 0x0000026dab41d540 Implicit null exception at 0x0000026db64badd3 to 0x0000026db64bae72
Event: 16.339 Thread 0x0000026dab41d540 Implicit null exception at 0x0000026db67526dc to 0x0000026db6752ac4
Event: 17.258 Thread 0x0000026dab41d540 Exception <a 'java/lang/NoSuchMethodError'{0x00000000af7354a8}: 'int java.lang.invoke.DirectMethodHandle$Holder.invokeStaticInit(java.lang.Object, int)'> (0x00000000af7354a8) 
thrown [s\src\hotspot\share\interpreter\linkResolver.cpp, line 771]
Event: 17.419 Thread 0x0000026dab41d540 Implicit null exception at 0x0000026db650824c to 0x0000026db6508328
Event: 17.520 Thread 0x0000026dab41d540 Exception <a 'java/lang/NoSuchMethodError'{0x00000000af4deb18}: 'java.lang.Object java.lang.invoke.DirectMethodHandle$Holder.invokeInterface(java.lang.Object, java.lang.Object, java.lang.Object)'> (0x00000000af4deb18) 
thrown [s\src\hotspot\share\interpreter\linkResolver.cpp, line 771]
Event: 17.521 Thread 0x0000026dab41d540 Exception <a 'java/lang/IncompatibleClassChangeError'{0x00000000af4e2488}: Found class java.lang.Object, but interface was expected> (0x00000000af4e2488) 
thrown [s\src\hotspot\share\interpreter\linkResolver.cpp, line 838]
Event: 18.050 Thread 0x0000026dab41d540 Implicit null exception at 0x0000026db66ec6ba to 0x0000026db66f2a2c
Event: 19.638 Thread 0x0000026dab41d540 Implicit null exception at 0x0000026db680293c to 0x0000026db680397c
Event: 19.851 Thread 0x0000026dab41d540 Exception <a 'java/lang/NoSuchMethodError'{0x00000000adb9b118}: 'java.lang.Object java.lang.invoke.DirectMethodHandle$Holder.invokeStatic(java.lang.Object, int, java.lang.Object)'> (0x00000000adb9b118) 
thrown [s\src\hotspot\share\interpreter\linkResolver.cpp, line 771]
Event: 20.201 Thread 0x0000026dab41d540 Exception <a 'java/lang/NoSuchMethodError'{0x00000000ad5a5bd0}: 'java.lang.Object java.lang.invoke.DirectMethodHandle$Holder.newInvokeSpecial(java.lang.Object, java.lang.Object, java.lang.Object, java.lang.Object, java.lang.Object, java.lang.Object, java.lang.Object)'> (0x00000000ad5a5bd0) 
thrown [s\src\hotspot\share\interpreter\linkResolver.cpp, line 771]
Event: 20.203 Thread 0x0000026dab41d540 Exception <a 'java/lang/NoSuchMethodError'{0x00000000ad5aaa30}: 'java.lang.Object java.lang.invoke.Invokers$Holder.linkToTargetMethod(java.lang.Object, java.lang.Object, java.lang.Object, java.lang.Object, java.lang.Object, java.lang.Object, java.lang.Object)'> (0x00000000ad5aaa30) 
thrown [s\src\hotspot\share\interpreter\linkResolver.cpp, line 771]
Event: 21.577 Thread 0x0000026dab41d540 Exception <a 'java/lang/NoSuchMethodError'{0x00000000ac23db10}: 'void java.lang.invoke.DirectMethodHandle$Holder.invokeInterface(java.lang.Object, java.lang.Object)'> (0x00000000ac23db10) 
thrown [s\src\hotspot\share\interpreter\linkResolver.cpp, line 771]
Event: 21.702 Thread 0x0000026dab41d540 Exception <a 'java/lang/IncompatibleClassChangeError'{0x00000000ac1f8868}: Found class java.lang.Object, but interface was expected> (0x00000000ac1f8868) 
thrown [s\src\hotspot\share\interpreter\linkResolver.cpp, line 838]
Event: 22.775 Thread 0x0000026dab41d540 Implicit null exception at 0x0000026db677c8c7 to 0x0000026db677d090
Event: 24.095 Thread 0x0000026dab41d540 Implicit null exception at 0x0000026db68db8b8 to 0x0000026db68e00fc
Event: 25.957 Thread 0x0000026dab41d540 Exception <a 'java/lang/NoSuchMethodError'{0x00000000b0281978}: 'java.lang.Object java.lang.invoke.DirectMethodHandle$Holder.newInvokeSpecial(java.lang.Object, int, java.lang.Object, java.lang.Object)'> (0x00000000b0281978) 
thrown [s\src\hotspot\share\interpreter\linkResolver.cpp, line 771]

VM Operations (20 events):
Event: 22.992 Executing VM operation: HandshakeAllThreads
Event: 22.993 Executing VM operation: HandshakeAllThreads done
Event: 23.526 Executing VM operation: ICBufferFull
Event: 23.526 Executing VM operation: ICBufferFull done
Event: 23.787 Executing VM operation: G1CollectForAllocation
Event: 23.825 Executing VM operation: G1CollectForAllocation done
Event: 23.880 Executing VM operation: HandshakeAllThreads
Event: 23.880 Executing VM operation: HandshakeAllThreads done
Event: 24.203 Executing VM operation: ICBufferFull
Event: 24.204 Executing VM operation: ICBufferFull done
Event: 24.558 Executing VM operation: ICBufferFull
Event: 24.558 Executing VM operation: ICBufferFull done
Event: 24.884 Executing VM operation: ICBufferFull
Event: 24.885 Executing VM operation: ICBufferFull done
Event: 25.602 Executing VM operation: ICBufferFull
Event: 25.603 Executing VM operation: ICBufferFull done
Event: 25.956 Executing VM operation: HandshakeAllThreads
Event: 25.956 Executing VM operation: HandshakeAllThreads done
Event: 25.964 Executing VM operation: ICBufferFull
Event: 25.964 Executing VM operation: ICBufferFull done

Events (20 events):
Event: 23.012 Thread 0x0000026dc38296c0 flushing nmethod 0x0000026daf8fa610
Event: 23.013 Thread 0x0000026dc38296c0 flushing nmethod 0x0000026daf93a710
Event: 23.528 loading class java/util/concurrent/locks/AbstractQueuedSynchronizer$Node
Event: 23.529 loading class java/util/concurrent/locks/AbstractQueuedSynchronizer$Node done
Event: 24.426 loading class jdk/internal/math/FloatingDecimal
Event: 24.427 loading class jdk/internal/math/FloatingDecimal done
Event: 24.427 loading class jdk/internal/math/FloatingDecimal$ExceptionalBinaryToASCIIBuffer
Event: 24.428 loading class jdk/internal/math/FloatingDecimal$BinaryToASCIIConverter
Event: 24.428 loading class jdk/internal/math/FloatingDecimal$BinaryToASCIIConverter done
Event: 24.428 loading class jdk/internal/math/FloatingDecimal$ExceptionalBinaryToASCIIBuffer done
Event: 24.428 loading class jdk/internal/math/FloatingDecimal$BinaryToASCIIBuffer
Event: 24.428 loading class jdk/internal/math/FloatingDecimal$BinaryToASCIIBuffer done
Event: 24.428 loading class jdk/internal/math/FloatingDecimal$1
Event: 24.428 loading class jdk/internal/math/FloatingDecimal$1 done
Event: 24.429 loading class jdk/internal/math/FloatingDecimal$PreparedASCIIToBinaryBuffer
Event: 24.429 loading class jdk/internal/math/FloatingDecimal$ASCIIToBinaryConverter
Event: 24.429 loading class jdk/internal/math/FloatingDecimal$ASCIIToBinaryConverter done
Event: 24.429 loading class jdk/internal/math/FloatingDecimal$PreparedASCIIToBinaryBuffer done
Event: 24.429 loading class jdk/internal/math/FloatingDecimal$ASCIIToBinaryBuffer
Event: 24.430 loading class jdk/internal/math/FloatingDecimal$ASCIIToBinaryBuffer done


Dynamic libraries:
0x00007ff671470000 - 0x00007ff67147a000 	C:\Program Files\Android\Android Studio\jbr\bin\java.exe
0x00007ffce1a50000 - 0x00007ffce1c67000 	C:\Windows\SYSTEM32\ntdll.dll
0x00007ffce08d0000 - 0x00007ffce0994000 	C:\Windows\System32\KERNEL32.DLL
0x00007ffcdedd0000 - 0x00007ffcdf189000 	C:\Windows\System32\KERNELBASE.dll
0x00007ffcdf190000 - 0x00007ffcdf2a1000 	C:\Windows\System32\ucrtbase.dll
0x00007ffcdb4b0000 - 0x00007ffcdb4cb000 	C:\Program Files\Android\Android Studio\jbr\bin\VCRUNTIME140.dll
0x00007ffcc4000000 - 0x00007ffcc4017000 	C:\Program Files\Android\Android Studio\jbr\bin\jli.dll
0x00007ffce0710000 - 0x00007ffce08be000 	C:\Windows\System32\USER32.dll
0x00007ffcdf4c0000 - 0x00007ffcdf4e6000 	C:\Windows\System32\win32u.dll
0x00007ffce1850000 - 0x00007ffce1879000 	C:\Windows\System32\GDI32.dll
0x00007ffccf970000 - 0x00007ffccfc02000 	C:\Windows\WinSxS\amd64_microsoft.windows.common-controls_6595b64144ccf1df_6.0.22621.4391_none_2715d37f73803e96\COMCTL32.dll
0x00007ffcdf650000 - 0x00007ffcdf76b000 	C:\Windows\System32\gdi32full.dll
0x00007ffcdff60000 - 0x00007ffce0007000 	C:\Windows\System32\msvcrt.dll
0x00007ffcdf2b0000 - 0x00007ffcdf34a000 	C:\Windows\System32\msvcp_win.dll
0x00007ffce1810000 - 0x00007ffce1841000 	C:\Windows\System32\IMM32.DLL
0x0000000065c20000 - 0x0000000065c2c000 	C:\Program Files (x86)\360\Total Security\safemon\SafeWrapper.dll
0x00007ffce0220000 - 0x00007ffce02d2000 	C:\Windows\System32\ADVAPI32.dll
0x00007ffce0e80000 - 0x00007ffce0f27000 	C:\Windows\System32\sechost.dll
0x00007ffcdf620000 - 0x00007ffcdf648000 	C:\Windows\System32\bcrypt.dll
0x00007ffcdfde0000 - 0x00007ffcdfef4000 	C:\Windows\System32\RPCRT4.dll
0x00007ffccded0000 - 0x00007ffccdf7c000 	C:\Program Files (x86)\360\Total Security\safemon\libzdtp64.dll
0x00007ffce0f90000 - 0x00007ffce1806000 	C:\Windows\System32\SHELL32.dll
0x00007ffce0e20000 - 0x00007ffce0e7e000 	C:\Windows\System32\SHLWAPI.dll
0x00007ffcde8c0000 - 0x00007ffcde8ca000 	C:\Windows\SYSTEM32\VERSION.dll
0x00007ffcdb210000 - 0x00007ffcdb21c000 	C:\Program Files\Android\Android Studio\jbr\bin\vcruntime140_1.dll
0x00007ffcbe580000 - 0x00007ffcbe60d000 	C:\Program Files\Android\Android Studio\jbr\bin\msvcp140.dll
0x00007ffc6bae0000 - 0x00007ffc6c763000 	C:\Program Files\Android\Android Studio\jbr\bin\server\jvm.dll
0x00007ffcdb1f0000 - 0x00007ffcdb1f9000 	C:\Windows\SYSTEM32\WSOCK32.dll
0x00007ffcdacb0000 - 0x00007ffcdace4000 	C:\Windows\SYSTEM32\WINMM.dll
0x00007ffcdec20000 - 0x00007ffcdec6d000 	C:\Windows\SYSTEM32\POWRPROF.dll
0x00007ffcdfb00000 - 0x00007ffcdfb71000 	C:\Windows\System32\WS2_32.dll
0x00007ffcdec00000 - 0x00007ffcdec13000 	C:\Windows\SYSTEM32\UMPDC.dll
0x00007ffcddcf0000 - 0x00007ffcddd08000 	C:\Windows\SYSTEM32\kernel.appcore.dll
0x00007ffcdabe0000 - 0x00007ffcdabea000 	C:\Program Files\Android\Android Studio\jbr\bin\jimage.dll
0x00007ffcdc690000 - 0x00007ffcdc8c2000 	C:\Windows\SYSTEM32\DBGHELP.DLL
0x00007ffcdf770000 - 0x00007ffcdfaff000 	C:\Windows\System32\combase.dll
0x00007ffce0130000 - 0x00007ffce0207000 	C:\Windows\System32\OLEAUT32.dll
0x00007ffcbdf40000 - 0x00007ffcbdf72000 	C:\Windows\SYSTEM32\dbgcore.DLL
0x00007ffcded50000 - 0x00007ffcdedcb000 	C:\Windows\System32\bcryptPrimitives.dll
0x00007ffccde30000 - 0x00007ffccde55000 	C:\Program Files\Android\Android Studio\jbr\bin\java.dll
0x00007ffccde10000 - 0x00007ffccde28000 	C:\Program Files\Android\Android Studio\jbr\bin\zip.dll
0x00007ffcdcbd0000 - 0x00007ffcdd4d3000 	C:\Windows\SYSTEM32\windows.storage.dll
0x00007ffcdca90000 - 0x00007ffcdcbcf000 	C:\Windows\SYSTEM32\wintypes.dll
0x00007ffcdfb80000 - 0x00007ffcdfc79000 	C:\Windows\System32\SHCORE.dll
0x00007ffcdec80000 - 0x00007ffcdecab000 	C:\Windows\SYSTEM32\profapi.dll
0x00007ffccdd90000 - 0x00007ffccdda9000 	C:\Program Files\Android\Android Studio\jbr\bin\net.dll
0x00007ffcd8840000 - 0x00007ffcd8976000 	C:\Windows\SYSTEM32\WINHTTP.dll
0x00007ffcde1a0000 - 0x00007ffcde209000 	C:\Windows\system32\mswsock.dll
0x00007ffcc4020000 - 0x00007ffcc4036000 	C:\Program Files\Android\Android Studio\jbr\bin\nio.dll
0x00007ffccf790000 - 0x00007ffccf7a0000 	C:\Program Files\Android\Android Studio\jbr\bin\verify.dll

dbghelp: loaded successfully - version: 4.0.5 - missing functions: none
symbol engine: initialized successfully - sym options: 0x614 - pdb path: .;C:\Program Files\Android\Android Studio\jbr\bin;C:\Windows\SYSTEM32;C:\Windows\WinSxS\amd64_microsoft.windows.common-controls_6595b64144ccf1df_6.0.22621.4391_none_2715d37f73803e96;C:\Program Files (x86)\360\Total Security\safemon;C:\Program Files\Android\Android Studio\jbr\bin\server

VM Arguments:
java_command: org.jetbrains.kotlin.cli.jvm.K2JVMCompiler @C:\Users\asusu\AndroidStudioProjects\ProjectCapstone\app\build\20241207_5920123468694013165.compiler.options
java_class_path (initial): C:\Users\asusu\.gradle\caches\modules-2\files-2.1\org.jetbrains.kotlin\kotlin-compiler-embeddable\1.9.0\2c8c3a7402becca891f12739b3e9fd2dc2adbd7a\kotlin-compiler-embeddable-1.9.0.jar;C:\Users\asusu\.gradle\caches\modules-2\files-2.1\org.jetbrains.kotlin\kotlin-stdlib\1.9.0\8ee15ef0c67dc83d874f412d84378d7f0eb50b63\kotlin-stdlib-1.9.0.jar;C:\Users\asusu\.gradle\caches\modules-2\files-2.1\org.jetbrains.kotlin\kotlin-script-runtime\1.9.0\4b3102cbbb7e1b58d9d1adf89563f00069ffa7d1\kotlin-script-runtime-1.9.0.jar;C:\Users\asusu\.gradle\caches\modules-2\files-2.1\org.jetbrains.kotlin\kotlin-reflect\1.6.10\1cbe9c92c12a94eea200d23c2bbaedaf3daf5132\kotlin-reflect-1.6.10.jar;C:\Users\asusu\.gradle\caches\modules-2\files-2.1\org.jetbrains.kotlin\kotlin-daemon-embeddable\1.9.0\186543f5e28cf8d9a0290fecc2cf34301c40a65c\kotlin-daemon-embeddable-1.9.0.jar;C:\Users\asusu\.gradle\caches\modules-2\files-2.1\org.jetbrains.intellij.deps\trove4j\1.0.20200330\3afb14d5f9ceb459d724e907a21145e8ff394f02\trove4j-1.0.20200330.jar;C:\Users\asusu\.gradle\caches\modules-2\files-2.1\org.jetbrains.kotlin\kotlin-stdlib-common\1.9.0\cd65c21cfd1eec4d44ef09f9f52b6d9f8a720636\kotlin-stdlib-common-1.9.0.jar;C:\Users\asusu\.gradle\caches\modules-2\files-2.1\org.jetbrains\annotations\13.0\919f0dfe192fb4e063e7dacadee7f8bb9a2672a9\annotations-13.0.jar
Launcher Type: SUN_STANDARD

[Global flags]
     intx CICompilerCount                          = 3                                         {product} {ergonomic}
     uint ConcGCThreads                            = 1                                         {product} {ergonomic}
     uint G1ConcRefinementThreads                  = 4                                         {product} {ergonomic}
   size_t G1HeapRegionSize                         = 1048576                                   {product} {ergonomic}
    uintx GCDrainStackTargetSize                   = 64                                        {product} {ergonomic}
   size_t InitialHeapSize                          = 100663296                                 {product} {ergonomic}
   size_t MarkStackSize                            = 4194304                                   {product} {ergonomic}
   size_t MaxHeapSize                              = 1595932672                                {product} {ergonomic}
   size_t MaxNewSize                               = 957349888                                 {product} {ergonomic}
   size_t MinHeapDeltaBytes                        = 1048576                                   {product} {ergonomic}
   size_t MinHeapSize                              = 8388608                                   {product} {ergonomic}
    uintx NonNMethodCodeHeapSize                   = 5832780                                {pd product} {ergonomic}
    uintx NonProfiledCodeHeapSize                  = 122912730                              {pd product} {ergonomic}
    uintx ProfiledCodeHeapSize                     = 122912730                              {pd product} {ergonomic}
    uintx ReservedCodeCacheSize                    = 251658240                              {pd product} {ergonomic}
     bool SegmentedCodeCache                       = true                                      {product} {ergonomic}
   size_t SoftMaxHeapSize                          = 1595932672                             {manageable} {ergonomic}
     bool UseCompressedClassPointers               = true                           {product lp64_product} {ergonomic}
     bool UseCompressedOops                        = true                           {product lp64_product} {ergonomic}
     bool UseG1GC                                  = true                                      {product} {ergonomic}
     bool UseLargePagesIndividualAllocation        = false                                  {pd product} {ergonomic}

Logging:
Log output configuration:
 #0: stdout all=warning uptime,level,tags
 #1: stderr all=off uptime,level,tags

Environment Variables:
JAVA_HOME=C:\Program Files\Zulu\zulu-17
PATH=C:\Program Files\Zulu\zulu-17\bin\;C:\Program Files (x86)\Common Files\Intel\Shared Files\cpp\bin\Intel64;C:\Windows\system32;C:\Windows;C:\Windows\System32\Wbem;C:\Windows\System32\WindowsPowerShell\v1.0\;C:\Windows\System32\OpenSSH\;C:\Program Files\Git\cmd;C:\Program Files\Git\bin;C:\Program Files (x86)\Yarn\bin\;C:\Program Files\Yarn\bin;C:\Program Files\nodejs\;C:\Program Files\IBM\SPSS\Statistics\25\JRE\bin;C:\gradle\bin;C:\Users\asusu\AppData\Local\Microsoft\WindowsApps;C:\Users\asusu\AppData\Local\Programs\Microsoft VS Code\bin;C:\Users\asusu\composer;C:\Users\asusu\AppData\Roaming\Composer\vendor\bin;C:\Users\asusu\AppData\Local\Yarn\bin;C:\Program Files\Yarn\bin;C:\Users\asusu\AppData\Roaming\npm;C:\laragon\bin\php\php-8.1.10-Win32-vs16-x64;;C:\Program Files\JetBrains\IntelliJ IDEA Community Edition 2024.2.1\bin;
USERNAME=asus
OS=Windows_NT
PROCESSOR_IDENTIFIER=AMD64 Family 23 Model 24 Stepping 1, AuthenticAMD
TMP=C:\Users\asusu\AppData\Local\Temp
TEMP=C:\Users\asusu\AppData\Local\Temp



Periodic native trim disabled

JNI global refs:
JNI global refs: 10, weak refs: 13

JNI global refs memory usage: 843, weak refs: 841

Process memory usage:
Resident Set Size: 466720K (7% of 6228052K total physical memory with 370192K free physical memory)

OOME stack traces (most recent first):
Classloader memory used:
Loader jdk.internal.loader.ClassLoaders$AppClassLoader                                 : 7126K
Loader bootstrap                                                                       : 1368K
Loader jdk.internal.reflect.DelegatingClassLoader                                      : 23535B


---------------  S Y S T E M  ---------------

OS:
 Windows 11 , 64 bit Build 22621 (10.0.22621.4391)
OS uptime: 0 days 10:29 hours
Hyper-V role detected

CPU: total 4 (initial active 4) (4 cores per cpu, 2 threads per core) family 23 model 24 stepping 1 microcode 0x0, cx8, cmov, fxsr, ht, mmx, 3dnowpref, sse, sse2, sse3, ssse3, sse4a, sse4.1, sse4.2, popcnt, lzcnt, tsc, tscinvbit, avx, avx2, aes, clmul, bmi1, bmi2, adx, sha, fma, vzeroupper, clflush, clflushopt, hv
Processor Information for all 4 processors :
  Max Mhz: 2600, Current Mhz: 2600, Mhz Limit: 2600

Memory: 4k page, system-wide physical 6082M (359M free)
TotalPageFile size 14274M (AvailPageFile size 8M)
current process WorkingSet (physical memory assigned to process): 452M, peak: 457M
current process commit charge ("private bytes"): 523M, peak: 529M

vm_info: OpenJDK 64-Bit Server VM (17.0.11+0--11852314) for windows-amd64 JRE (17.0.11+0--11852314), built on May 16 2024 21:29:20 by "androidbuild" with MS VC++ 16.10 / 16.11 (VS2019)

END.
